2014-08-12 10:11:36,574 - [INFO] - from play in main 
Listening for HTTP on /0:0:0:0:0:0:0:0:9000

2014-08-12 10:18:19,161 - [INFO] - from play in play-internal-execution-context-1 
database [default] connected at jdbc:mysql://localhost:3306/travel-mgmt-2?characterEncoding=UTF-8

2014-08-12 10:18:23,715 - [ERROR] - from application in New I/O worker #1 


! @6j77e86io - Internal server error, for (GET) [/] ->

play.api.db.evolutions.InvalidDatabaseRevision: Database 'default' needs evolution![An SQL script need to be run on your database.]
	at play.api.db.evolutions.EvolutionsPlugin$$anonfun$onStart$1$$anonfun$apply$1.apply$mcV$sp(Evolutions.scala:462) ~[play-jdbc_2.10.jar:2.1.3]
	at play.api.db.evolutions.EvolutionsPlugin.withLock(Evolutions.scala:483) ~[play-jdbc_2.10.jar:2.1.3]
	at play.api.db.evolutions.EvolutionsPlugin$$anonfun$onStart$1.apply(Evolutions.scala:439) ~[play-jdbc_2.10.jar:2.1.3]
	at play.api.db.evolutions.EvolutionsPlugin$$anonfun$onStart$1.apply(Evolutions.scala:437) ~[play-jdbc_2.10.jar:2.1.3]
	at scala.collection.immutable.List.foreach(List.scala:309) ~[scala-library.jar:na]
	at play.api.db.evolutions.EvolutionsPlugin.onStart(Evolutions.scala:437) ~[play-jdbc_2.10.jar:2.1.3]
	at play.api.Play$$anonfun$start$1$$anonfun$apply$mcV$sp$1.apply(Play.scala:68) ~[play_2.10.jar:2.1.3]
	at play.api.Play$$anonfun$start$1$$anonfun$apply$mcV$sp$1.apply(Play.scala:68) ~[play_2.10.jar:2.1.3]
	at scala.collection.immutable.List.foreach(List.scala:309) ~[scala-library.jar:na]
	at play.api.Play$$anonfun$start$1.apply$mcV$sp(Play.scala:68) ~[play_2.10.jar:2.1.3]
	at play.api.Play$$anonfun$start$1.apply(Play.scala:68) ~[play_2.10.jar:2.1.3]
	at play.api.Play$$anonfun$start$1.apply(Play.scala:68) ~[play_2.10.jar:2.1.3]
	at play.utils.Threads$.withContextClassLoader(Threads.scala:18) ~[play_2.10.jar:2.1.3]
	at play.api.Play$.start(Play.scala:67) ~[play_2.10.jar:2.1.3]
	at play.core.ReloadableApplication$$anonfun$get$1$$anonfun$apply$1$$anonfun$1.apply(ApplicationProvider.scala:141) ~[play_2.10.jar:2.1.3]
	at play.core.ReloadableApplication$$anonfun$get$1$$anonfun$apply$1$$anonfun$1.apply(ApplicationProvider.scala:114) ~[play_2.10.jar:2.1.3]
	at scala.Option.map(Option.scala:145) ~[scala-library.jar:na]
	at play.core.ReloadableApplication$$anonfun$get$1$$anonfun$apply$1.apply(ApplicationProvider.scala:114) ~[play_2.10.jar:2.1.3]
	at play.core.ReloadableApplication$$anonfun$get$1$$anonfun$apply$1.apply(ApplicationProvider.scala:112) ~[play_2.10.jar:2.1.3]
	at scala.util.Either$RightProjection.flatMap(Either.scala:523) ~[scala-library.jar:na]
	at play.core.ReloadableApplication$$anonfun$get$1.apply(ApplicationProvider.scala:112) ~[play_2.10.jar:2.1.3]
	at play.core.ReloadableApplication$$anonfun$get$1.apply(ApplicationProvider.scala:104) ~[play_2.10.jar:2.1.3]
	at scala.concurrent.impl.Future$PromiseCompletingRunnable.liftedTree1$1(Future.scala:24) ~[scala-library.jar:na]
	at scala.concurrent.impl.Future$PromiseCompletingRunnable.run(Future.scala:24) ~[scala-library.jar:na]
	at java.util.concurrent.ThreadPoolExecutor.runWorker(ThreadPoolExecutor.java:1145) [na:1.7.0_45]
	at java.util.concurrent.ThreadPoolExecutor$Worker.run(ThreadPoolExecutor.java:615) [na:1.7.0_45]
	at java.lang.Thread.run(Thread.java:744) [na:1.7.0_45]

2014-08-12 10:19:01,423 - [INFO] - from play in play-internal-execution-context-4 
database [default] connected at jdbc:mysql://localhost:3306/travel-mgmt-2?characterEncoding=UTF-8

2014-08-12 10:19:05,641 - [INFO] - from play in play-internal-execution-context-4 
Application started (Dev)

2014-08-12 10:19:08,434 - [ERROR] - from application in play-internal-execution-context-4 


! @6j77eakn6 - Internal server error, for (GET) [/supplier-hotel-business-contact-info-as-json] ->

play.api.Application$$anon$1: Execution exception[[NumberFormatException: null]]
	at play.api.Application$class.handleError(Application.scala:289) ~[play_2.10.jar:2.1.3]
	at play.api.DefaultApplication.handleError(Application.scala:383) [play_2.10.jar:2.1.3]
	at play.core.server.netty.PlayDefaultUpstreamHandler$$anonfun$play$core$server$netty$PlayDefaultUpstreamHandler$$handle$1$1.apply(PlayDefaultUpstreamHandler.scala:143) [play_2.10.jar:2.1.3]
	at play.core.server.netty.PlayDefaultUpstreamHandler$$anonfun$play$core$server$netty$PlayDefaultUpstreamHandler$$handle$1$1.apply(PlayDefaultUpstreamHandler.scala:139) [play_2.10.jar:2.1.3]
	at play.api.libs.concurrent.PlayPromise$$anonfun$extend1$1.apply(Promise.scala:113) [play_2.10.jar:2.1.3]
	at play.api.libs.concurrent.PlayPromise$$anonfun$extend1$1.apply(Promise.scala:113) [play_2.10.jar:2.1.3]
	at play.api.libs.concurrent.PlayPromise$$anonfun$extend$1$$anonfun$apply$1.apply(Promise.scala:104) [play_2.10.jar:2.1.3]
	at scala.concurrent.impl.Future$PromiseCompletingRunnable.liftedTree1$1(Future.scala:24) [scala-library.jar:na]
	at scala.concurrent.impl.Future$PromiseCompletingRunnable.run(Future.scala:24) [scala-library.jar:na]
	at java.util.concurrent.ThreadPoolExecutor.runWorker(ThreadPoolExecutor.java:1145) [na:1.7.0_45]
	at java.util.concurrent.ThreadPoolExecutor$Worker.run(ThreadPoolExecutor.java:615) [na:1.7.0_45]
	at java.lang.Thread.run(Thread.java:744) [na:1.7.0_45]
java.lang.NumberFormatException: null
	at java.lang.Long.parseLong(Long.java:404) ~[na:1.7.0_45]
	at java.lang.Long.valueOf(Long.java:540) ~[na:1.7.0_45]
	at com.mnt.custom.module.supplier.controllers.Suppliers.getHotelBusinessContactInfoJson(Suppliers.java:331) ~[na:na]
	at Routes$$anonfun$routes$1$$anonfun$applyOrElse$36$$anonfun$apply$36.apply(routes_routing.scala:797) ~[na:na]
	at Routes$$anonfun$routes$1$$anonfun$applyOrElse$36$$anonfun$apply$36.apply(routes_routing.scala:797) ~[na:na]
	at play.core.Router$HandlerInvoker$$anon$6$$anon$2.invocation(Router.scala:193) ~[play_2.10.jar:2.1.3]
	at play.core.Router$Routes$$anon$1.invocation(Router.scala:373) ~[play_2.10.jar:2.1.3]
	at play.core.j.JavaAction$$anon$1.call(JavaAction.scala:50) ~[play_2.10.jar:2.1.3]
	at play.GlobalSettings$1.call(GlobalSettings.java:63) ~[play_2.10.jar:2.1.3]
	at play.core.j.JavaAction$$anon$2.apply(JavaAction.scala:80) ~[play_2.10.jar:2.1.3]
	at play.core.j.JavaAction$$anon$2.apply(JavaAction.scala:79) ~[play_2.10.jar:2.1.3]
	at play.libs.F$Promise$PromiseActor.onReceive(F.java:425) ~[play_2.10.jar:2.1.3]
	at akka.actor.UntypedActor$$anonfun$receive$1.applyOrElse(UntypedActor.scala:159) ~[akka-actor_2.10.jar:na]
	at akka.actor.ActorCell.receiveMessage(ActorCell.scala:425) ~[akka-actor_2.10.jar:na]
	at akka.actor.ActorCell.invoke(ActorCell.scala:386) ~[akka-actor_2.10.jar:na]
	at akka.dispatch.Mailbox.processMailbox(Mailbox.scala:230) ~[akka-actor_2.10.jar:na]
	at akka.dispatch.Mailbox.run(Mailbox.scala:212) ~[akka-actor_2.10.jar:na]
	at akka.dispatch.ForkJoinExecutorConfigurator$MailboxExecutionTask.exec(AbstractDispatcher.scala:502) ~[akka-actor_2.10.jar:na]
	at scala.concurrent.forkjoin.ForkJoinTask.doExec(ForkJoinTask.java:262) ~[scala-library.jar:na]
	at scala.concurrent.forkjoin.ForkJoinPool$WorkQueue.runTask(ForkJoinPool.java:975) ~[scala-library.jar:na]
	at scala.concurrent.forkjoin.ForkJoinPool.runWorker(ForkJoinPool.java:1478) ~[scala-library.jar:na]
	at scala.concurrent.forkjoin.ForkJoinWorkerThread.run(ForkJoinWorkerThread.java:104) ~[scala-library.jar:na]

2014-08-12 10:19:08,452 - [ERROR] - from application in play-internal-execution-context-1 


! @6j77eakno - Internal server error, for (GET) [/supplier-hotel-description-as-json] ->

play.api.Application$$anon$1: Execution exception[[NumberFormatException: null]]
	at play.api.Application$class.handleError(Application.scala:289) ~[play_2.10.jar:2.1.3]
	at play.api.DefaultApplication.handleError(Application.scala:383) [play_2.10.jar:2.1.3]
	at play.core.server.netty.PlayDefaultUpstreamHandler$$anonfun$play$core$server$netty$PlayDefaultUpstreamHandler$$handle$1$1.apply(PlayDefaultUpstreamHandler.scala:143) [play_2.10.jar:2.1.3]
	at play.core.server.netty.PlayDefaultUpstreamHandler$$anonfun$play$core$server$netty$PlayDefaultUpstreamHandler$$handle$1$1.apply(PlayDefaultUpstreamHandler.scala:139) [play_2.10.jar:2.1.3]
	at play.api.libs.concurrent.PlayPromise$$anonfun$extend1$1.apply(Promise.scala:113) [play_2.10.jar:2.1.3]
	at play.api.libs.concurrent.PlayPromise$$anonfun$extend1$1.apply(Promise.scala:113) [play_2.10.jar:2.1.3]
	at play.api.libs.concurrent.PlayPromise$$anonfun$extend$1$$anonfun$apply$1.apply(Promise.scala:104) [play_2.10.jar:2.1.3]
	at scala.concurrent.impl.Future$PromiseCompletingRunnable.liftedTree1$1(Future.scala:24) [scala-library.jar:na]
	at scala.concurrent.impl.Future$PromiseCompletingRunnable.run(Future.scala:24) [scala-library.jar:na]
	at java.util.concurrent.ThreadPoolExecutor.runWorker(ThreadPoolExecutor.java:1145) [na:1.7.0_45]
	at java.util.concurrent.ThreadPoolExecutor$Worker.run(ThreadPoolExecutor.java:615) [na:1.7.0_45]
	at java.lang.Thread.run(Thread.java:744) [na:1.7.0_45]
java.lang.NumberFormatException: null
	at java.lang.Long.parseLong(Long.java:404) ~[na:1.7.0_45]
	at java.lang.Long.valueOf(Long.java:540) ~[na:1.7.0_45]
	at com.mnt.custom.module.supplier.controllers.Suppliers.getHotelDescriptionJson(Suppliers.java:148) ~[na:na]
	at Routes$$anonfun$routes$1$$anonfun$applyOrElse$20$$anonfun$apply$20.apply(routes_routing.scala:669) ~[na:na]
	at Routes$$anonfun$routes$1$$anonfun$applyOrElse$20$$anonfun$apply$20.apply(routes_routing.scala:669) ~[na:na]
	at play.core.Router$HandlerInvoker$$anon$6$$anon$2.invocation(Router.scala:193) ~[play_2.10.jar:2.1.3]
	at play.core.Router$Routes$$anon$1.invocation(Router.scala:373) ~[play_2.10.jar:2.1.3]
	at play.core.j.JavaAction$$anon$1.call(JavaAction.scala:50) ~[play_2.10.jar:2.1.3]
	at play.GlobalSettings$1.call(GlobalSettings.java:63) ~[play_2.10.jar:2.1.3]
	at play.core.j.JavaAction$$anon$2.apply(JavaAction.scala:80) ~[play_2.10.jar:2.1.3]
	at play.core.j.JavaAction$$anon$2.apply(JavaAction.scala:79) ~[play_2.10.jar:2.1.3]
	at play.libs.F$Promise$PromiseActor.onReceive(F.java:425) ~[play_2.10.jar:2.1.3]
	at akka.actor.UntypedActor$$anonfun$receive$1.applyOrElse(UntypedActor.scala:159) ~[akka-actor_2.10.jar:na]
	at akka.actor.ActorCell.receiveMessage(ActorCell.scala:425) ~[akka-actor_2.10.jar:na]
	at akka.actor.ActorCell.invoke(ActorCell.scala:386) ~[akka-actor_2.10.jar:na]
	at akka.dispatch.Mailbox.processMailbox(Mailbox.scala:230) ~[akka-actor_2.10.jar:na]
	at akka.dispatch.Mailbox.run(Mailbox.scala:212) ~[akka-actor_2.10.jar:na]
	at akka.dispatch.ForkJoinExecutorConfigurator$MailboxExecutionTask.exec(AbstractDispatcher.scala:502) ~[akka-actor_2.10.jar:na]
	at scala.concurrent.forkjoin.ForkJoinTask.doExec(ForkJoinTask.java:262) ~[scala-library.jar:na]
	at scala.concurrent.forkjoin.ForkJoinPool$WorkQueue.runTask(ForkJoinPool.java:975) ~[scala-library.jar:na]
	at scala.concurrent.forkjoin.ForkJoinPool.runWorker(ForkJoinPool.java:1478) ~[scala-library.jar:na]
	at scala.concurrent.forkjoin.ForkJoinWorkerThread.run(ForkJoinWorkerThread.java:104) ~[scala-library.jar:na]

2014-08-12 10:19:08,456 - [ERROR] - from application in play-internal-execution-context-3 


! @6j77eakni - Internal server error, for (GET) [/supplier-hotel-contact-info-as-json] ->

play.api.Application$$anon$1: Execution exception[[NumberFormatException: null]]
	at play.api.Application$class.handleError(Application.scala:289) ~[play_2.10.jar:2.1.3]
	at play.api.DefaultApplication.handleError(Application.scala:383) [play_2.10.jar:2.1.3]
	at play.core.server.netty.PlayDefaultUpstreamHandler$$anonfun$play$core$server$netty$PlayDefaultUpstreamHandler$$handle$1$1.apply(PlayDefaultUpstreamHandler.scala:143) [play_2.10.jar:2.1.3]
	at play.core.server.netty.PlayDefaultUpstreamHandler$$anonfun$play$core$server$netty$PlayDefaultUpstreamHandler$$handle$1$1.apply(PlayDefaultUpstreamHandler.scala:139) [play_2.10.jar:2.1.3]
	at play.api.libs.concurrent.PlayPromise$$anonfun$extend1$1.apply(Promise.scala:113) [play_2.10.jar:2.1.3]
	at play.api.libs.concurrent.PlayPromise$$anonfun$extend1$1.apply(Promise.scala:113) [play_2.10.jar:2.1.3]
	at play.api.libs.concurrent.PlayPromise$$anonfun$extend$1$$anonfun$apply$1.apply(Promise.scala:104) [play_2.10.jar:2.1.3]
	at scala.concurrent.impl.Future$PromiseCompletingRunnable.liftedTree1$1(Future.scala:24) [scala-library.jar:na]
	at scala.concurrent.impl.Future$PromiseCompletingRunnable.run(Future.scala:24) [scala-library.jar:na]
	at java.util.concurrent.ThreadPoolExecutor.runWorker(ThreadPoolExecutor.java:1145) [na:1.7.0_45]
	at java.util.concurrent.ThreadPoolExecutor$Worker.run(ThreadPoolExecutor.java:615) [na:1.7.0_45]
	at java.lang.Thread.run(Thread.java:744) [na:1.7.0_45]
java.lang.NumberFormatException: null
	at java.lang.Long.parseLong(Long.java:404) ~[na:1.7.0_45]
	at java.lang.Long.valueOf(Long.java:540) ~[na:1.7.0_45]
	at com.mnt.custom.module.supplier.controllers.Suppliers.getHotelContactInfoJson(Suppliers.java:288) ~[na:na]
	at Routes$$anonfun$routes$1$$anonfun$applyOrElse$32$$anonfun$apply$32.apply(routes_routing.scala:765) ~[na:na]
	at Routes$$anonfun$routes$1$$anonfun$applyOrElse$32$$anonfun$apply$32.apply(routes_routing.scala:765) ~[na:na]
	at play.core.Router$HandlerInvoker$$anon$6$$anon$2.invocation(Router.scala:193) ~[play_2.10.jar:2.1.3]
	at play.core.Router$Routes$$anon$1.invocation(Router.scala:373) ~[play_2.10.jar:2.1.3]
	at play.core.j.JavaAction$$anon$1.call(JavaAction.scala:50) ~[play_2.10.jar:2.1.3]
	at play.GlobalSettings$1.call(GlobalSettings.java:63) ~[play_2.10.jar:2.1.3]
	at play.core.j.JavaAction$$anon$2.apply(JavaAction.scala:80) ~[play_2.10.jar:2.1.3]
	at play.core.j.JavaAction$$anon$2.apply(JavaAction.scala:79) ~[play_2.10.jar:2.1.3]
	at play.libs.F$Promise$PromiseActor.onReceive(F.java:425) ~[play_2.10.jar:2.1.3]
	at akka.actor.UntypedActor$$anonfun$receive$1.applyOrElse(UntypedActor.scala:159) ~[akka-actor_2.10.jar:na]
	at akka.actor.ActorCell.receiveMessage(ActorCell.scala:425) ~[akka-actor_2.10.jar:na]
	at akka.actor.ActorCell.invoke(ActorCell.scala:386) ~[akka-actor_2.10.jar:na]
	at akka.dispatch.Mailbox.processMailbox(Mailbox.scala:230) ~[akka-actor_2.10.jar:na]
	at akka.dispatch.Mailbox.run(Mailbox.scala:212) ~[akka-actor_2.10.jar:na]
	at akka.dispatch.ForkJoinExecutorConfigurator$MailboxExecutionTask.exec(AbstractDispatcher.scala:502) ~[akka-actor_2.10.jar:na]
	at scala.concurrent.forkjoin.ForkJoinTask.doExec(ForkJoinTask.java:262) ~[scala-library.jar:na]
	at scala.concurrent.forkjoin.ForkJoinPool$WorkQueue.runTask(ForkJoinPool.java:975) ~[scala-library.jar:na]
	at scala.concurrent.forkjoin.ForkJoinPool.runWorker(ForkJoinPool.java:1478) ~[scala-library.jar:na]
	at scala.concurrent.forkjoin.ForkJoinWorkerThread.run(ForkJoinWorkerThread.java:104) ~[scala-library.jar:na]

2014-08-12 10:19:08,484 - [ERROR] - from application in play-internal-execution-context-2 


! @6j77eakpp - Internal server error, for (GET) [/supplier-hotel-location-as-json] ->

play.api.Application$$anon$1: Execution exception[[NumberFormatException: null]]
	at play.api.Application$class.handleError(Application.scala:289) ~[play_2.10.jar:2.1.3]
	at play.api.DefaultApplication.handleError(Application.scala:383) [play_2.10.jar:2.1.3]
	at play.core.server.netty.PlayDefaultUpstreamHandler$$anonfun$play$core$server$netty$PlayDefaultUpstreamHandler$$handle$1$1.apply(PlayDefaultUpstreamHandler.scala:143) [play_2.10.jar:2.1.3]
	at play.core.server.netty.PlayDefaultUpstreamHandler$$anonfun$play$core$server$netty$PlayDefaultUpstreamHandler$$handle$1$1.apply(PlayDefaultUpstreamHandler.scala:139) [play_2.10.jar:2.1.3]
	at play.api.libs.concurrent.PlayPromise$$anonfun$extend1$1.apply(Promise.scala:113) [play_2.10.jar:2.1.3]
	at play.api.libs.concurrent.PlayPromise$$anonfun$extend1$1.apply(Promise.scala:113) [play_2.10.jar:2.1.3]
	at play.api.libs.concurrent.PlayPromise$$anonfun$extend$1$$anonfun$apply$1.apply(Promise.scala:104) [play_2.10.jar:2.1.3]
	at scala.concurrent.impl.Future$PromiseCompletingRunnable.liftedTree1$1(Future.scala:24) [scala-library.jar:na]
	at scala.concurrent.impl.Future$PromiseCompletingRunnable.run(Future.scala:24) [scala-library.jar:na]
	at java.util.concurrent.ThreadPoolExecutor.runWorker(ThreadPoolExecutor.java:1145) [na:1.7.0_45]
	at java.util.concurrent.ThreadPoolExecutor$Worker.run(ThreadPoolExecutor.java:615) [na:1.7.0_45]
	at java.lang.Thread.run(Thread.java:744) [na:1.7.0_45]
java.lang.NumberFormatException: null
	at java.lang.Long.parseLong(Long.java:404) ~[na:1.7.0_45]
	at java.lang.Long.valueOf(Long.java:540) ~[na:1.7.0_45]
	at com.mnt.custom.module.supplier.controllers.Suppliers.getHotelLocationJson(Suppliers.java:204) ~[na:na]
	at Routes$$anonfun$routes$1$$anonfun$applyOrElse$24$$anonfun$apply$24.apply(routes_routing.scala:701) ~[na:na]
	at Routes$$anonfun$routes$1$$anonfun$applyOrElse$24$$anonfun$apply$24.apply(routes_routing.scala:701) ~[na:na]
	at play.core.Router$HandlerInvoker$$anon$6$$anon$2.invocation(Router.scala:193) ~[play_2.10.jar:2.1.3]
	at play.core.Router$Routes$$anon$1.invocation(Router.scala:373) ~[play_2.10.jar:2.1.3]
	at play.core.j.JavaAction$$anon$1.call(JavaAction.scala:50) ~[play_2.10.jar:2.1.3]
	at play.GlobalSettings$1.call(GlobalSettings.java:63) ~[play_2.10.jar:2.1.3]
	at play.core.j.JavaAction$$anon$2.apply(JavaAction.scala:80) ~[play_2.10.jar:2.1.3]
	at play.core.j.JavaAction$$anon$2.apply(JavaAction.scala:79) ~[play_2.10.jar:2.1.3]
	at play.libs.F$Promise$PromiseActor.onReceive(F.java:425) ~[play_2.10.jar:2.1.3]
	at akka.actor.UntypedActor$$anonfun$receive$1.applyOrElse(UntypedActor.scala:159) ~[akka-actor_2.10.jar:na]
	at akka.actor.ActorCell.receiveMessage(ActorCell.scala:425) ~[akka-actor_2.10.jar:na]
	at akka.actor.ActorCell.invoke(ActorCell.scala:386) ~[akka-actor_2.10.jar:na]
	at akka.dispatch.Mailbox.processMailbox(Mailbox.scala:230) ~[akka-actor_2.10.jar:na]
	at akka.dispatch.Mailbox.run(Mailbox.scala:212) ~[akka-actor_2.10.jar:na]
	at akka.dispatch.ForkJoinExecutorConfigurator$MailboxExecutionTask.exec(AbstractDispatcher.scala:502) ~[akka-actor_2.10.jar:na]
	at scala.concurrent.forkjoin.ForkJoinTask.doExec(ForkJoinTask.java:262) ~[scala-library.jar:na]
	at scala.concurrent.forkjoin.ForkJoinPool$WorkQueue.runTask(ForkJoinPool.java:975) ~[scala-library.jar:na]
	at scala.concurrent.forkjoin.ForkJoinPool.runWorker(ForkJoinPool.java:1478) ~[scala-library.jar:na]
	at scala.concurrent.forkjoin.ForkJoinWorkerThread.run(ForkJoinWorkerThread.java:104) ~[scala-library.jar:na]

2014-08-12 10:19:08,549 - [ERROR] - from application in play-internal-execution-context-3 


! @6j77eal2c - Internal server error, for (GET) [/supplier-hotel-internal-info-as-json] ->

play.api.Application$$anon$1: Execution exception[[NumberFormatException: null]]
	at play.api.Application$class.handleError(Application.scala:289) ~[play_2.10.jar:2.1.3]
	at play.api.DefaultApplication.handleError(Application.scala:383) [play_2.10.jar:2.1.3]
	at play.core.server.netty.PlayDefaultUpstreamHandler$$anonfun$play$core$server$netty$PlayDefaultUpstreamHandler$$handle$1$1.apply(PlayDefaultUpstreamHandler.scala:143) [play_2.10.jar:2.1.3]
	at play.core.server.netty.PlayDefaultUpstreamHandler$$anonfun$play$core$server$netty$PlayDefaultUpstreamHandler$$handle$1$1.apply(PlayDefaultUpstreamHandler.scala:139) [play_2.10.jar:2.1.3]
	at play.api.libs.concurrent.PlayPromise$$anonfun$extend1$1.apply(Promise.scala:113) [play_2.10.jar:2.1.3]
	at play.api.libs.concurrent.PlayPromise$$anonfun$extend1$1.apply(Promise.scala:113) [play_2.10.jar:2.1.3]
	at play.api.libs.concurrent.PlayPromise$$anonfun$extend$1$$anonfun$apply$1.apply(Promise.scala:104) [play_2.10.jar:2.1.3]
	at scala.concurrent.impl.Future$PromiseCompletingRunnable.liftedTree1$1(Future.scala:24) [scala-library.jar:na]
	at scala.concurrent.impl.Future$PromiseCompletingRunnable.run(Future.scala:24) [scala-library.jar:na]
	at java.util.concurrent.ThreadPoolExecutor.runWorker(ThreadPoolExecutor.java:1145) [na:1.7.0_45]
	at java.util.concurrent.ThreadPoolExecutor$Worker.run(ThreadPoolExecutor.java:615) [na:1.7.0_45]
	at java.lang.Thread.run(Thread.java:744) [na:1.7.0_45]
java.lang.NumberFormatException: null
	at java.lang.Long.parseLong(Long.java:404) ~[na:1.7.0_45]
	at java.lang.Long.valueOf(Long.java:540) ~[na:1.7.0_45]
	at com.mnt.custom.module.supplier.controllers.Suppliers.getHotelInternalInfoJson(Suppliers.java:245) ~[na:na]
	at Routes$$anonfun$routes$1$$anonfun$applyOrElse$28$$anonfun$apply$28.apply(routes_routing.scala:733) ~[na:na]
	at Routes$$anonfun$routes$1$$anonfun$applyOrElse$28$$anonfun$apply$28.apply(routes_routing.scala:733) ~[na:na]
	at play.core.Router$HandlerInvoker$$anon$6$$anon$2.invocation(Router.scala:193) ~[play_2.10.jar:2.1.3]
	at play.core.Router$Routes$$anon$1.invocation(Router.scala:373) ~[play_2.10.jar:2.1.3]
	at play.core.j.JavaAction$$anon$1.call(JavaAction.scala:50) ~[play_2.10.jar:2.1.3]
	at play.GlobalSettings$1.call(GlobalSettings.java:63) ~[play_2.10.jar:2.1.3]
	at play.core.j.JavaAction$$anon$2.apply(JavaAction.scala:80) ~[play_2.10.jar:2.1.3]
	at play.core.j.JavaAction$$anon$2.apply(JavaAction.scala:79) ~[play_2.10.jar:2.1.3]
	at play.libs.F$Promise$PromiseActor.onReceive(F.java:425) ~[play_2.10.jar:2.1.3]
	at akka.actor.UntypedActor$$anonfun$receive$1.applyOrElse(UntypedActor.scala:159) ~[akka-actor_2.10.jar:na]
	at akka.actor.ActorCell.receiveMessage(ActorCell.scala:425) ~[akka-actor_2.10.jar:na]
	at akka.actor.ActorCell.invoke(ActorCell.scala:386) ~[akka-actor_2.10.jar:na]
	at akka.dispatch.Mailbox.processMailbox(Mailbox.scala:230) ~[akka-actor_2.10.jar:na]
	at akka.dispatch.Mailbox.run(Mailbox.scala:212) ~[akka-actor_2.10.jar:na]
	at akka.dispatch.ForkJoinExecutorConfigurator$MailboxExecutionTask.exec(AbstractDispatcher.scala:502) ~[akka-actor_2.10.jar:na]
	at scala.concurrent.forkjoin.ForkJoinTask.doExec(ForkJoinTask.java:262) ~[scala-library.jar:na]
	at scala.concurrent.forkjoin.ForkJoinPool$WorkQueue.runTask(ForkJoinPool.java:975) ~[scala-library.jar:na]
	at scala.concurrent.forkjoin.ForkJoinPool.runWorker(ForkJoinPool.java:1478) ~[scala-library.jar:na]
	at scala.concurrent.forkjoin.ForkJoinWorkerThread.run(ForkJoinWorkerThread.java:104) ~[scala-library.jar:na]

2014-08-12 10:19:08,594 - [ERROR] - from application in play-internal-execution-context-2 


! @6j77eal2p - Internal server error, for (GET) [/supplier-hotel-business-billing-as-json] ->

play.api.Application$$anon$1: Execution exception[[NumberFormatException: null]]
	at play.api.Application$class.handleError(Application.scala:289) ~[play_2.10.jar:2.1.3]
	at play.api.DefaultApplication.handleError(Application.scala:383) [play_2.10.jar:2.1.3]
	at play.core.server.netty.PlayDefaultUpstreamHandler$$anonfun$play$core$server$netty$PlayDefaultUpstreamHandler$$handle$1$1.apply(PlayDefaultUpstreamHandler.scala:143) [play_2.10.jar:2.1.3]
	at play.core.server.netty.PlayDefaultUpstreamHandler$$anonfun$play$core$server$netty$PlayDefaultUpstreamHandler$$handle$1$1.apply(PlayDefaultUpstreamHandler.scala:139) [play_2.10.jar:2.1.3]
	at play.api.libs.concurrent.PlayPromise$$anonfun$extend1$1.apply(Promise.scala:113) [play_2.10.jar:2.1.3]
	at play.api.libs.concurrent.PlayPromise$$anonfun$extend1$1.apply(Promise.scala:113) [play_2.10.jar:2.1.3]
	at play.api.libs.concurrent.PlayPromise$$anonfun$extend$1$$anonfun$apply$1.apply(Promise.scala:104) [play_2.10.jar:2.1.3]
	at scala.concurrent.impl.Future$PromiseCompletingRunnable.liftedTree1$1(Future.scala:24) [scala-library.jar:na]
	at scala.concurrent.impl.Future$PromiseCompletingRunnable.run(Future.scala:24) [scala-library.jar:na]
	at java.util.concurrent.ThreadPoolExecutor.runWorker(ThreadPoolExecutor.java:1145) [na:1.7.0_45]
	at java.util.concurrent.ThreadPoolExecutor$Worker.run(ThreadPoolExecutor.java:615) [na:1.7.0_45]
	at java.lang.Thread.run(Thread.java:744) [na:1.7.0_45]
java.lang.NumberFormatException: null
	at java.lang.Long.parseLong(Long.java:404) ~[na:1.7.0_45]
	at java.lang.Long.valueOf(Long.java:540) ~[na:1.7.0_45]
	at com.mnt.custom.module.supplier.controllers.Suppliers.getHotelBillingInfoJson(Suppliers.java:375) ~[na:na]
	at Routes$$anonfun$routes$1$$anonfun$applyOrElse$40$$anonfun$apply$40.apply(routes_routing.scala:829) ~[na:na]
	at Routes$$anonfun$routes$1$$anonfun$applyOrElse$40$$anonfun$apply$40.apply(routes_routing.scala:829) ~[na:na]
	at play.core.Router$HandlerInvoker$$anon$6$$anon$2.invocation(Router.scala:193) ~[play_2.10.jar:2.1.3]
	at play.core.Router$Routes$$anon$1.invocation(Router.scala:373) ~[play_2.10.jar:2.1.3]
	at play.core.j.JavaAction$$anon$1.call(JavaAction.scala:50) ~[play_2.10.jar:2.1.3]
	at play.GlobalSettings$1.call(GlobalSettings.java:63) ~[play_2.10.jar:2.1.3]
	at play.core.j.JavaAction$$anon$2.apply(JavaAction.scala:80) ~[play_2.10.jar:2.1.3]
	at play.core.j.JavaAction$$anon$2.apply(JavaAction.scala:79) ~[play_2.10.jar:2.1.3]
	at play.libs.F$Promise$PromiseActor.onReceive(F.java:425) ~[play_2.10.jar:2.1.3]
	at akka.actor.UntypedActor$$anonfun$receive$1.applyOrElse(UntypedActor.scala:159) ~[akka-actor_2.10.jar:na]
	at akka.actor.ActorCell.receiveMessage(ActorCell.scala:425) ~[akka-actor_2.10.jar:na]
	at akka.actor.ActorCell.invoke(ActorCell.scala:386) ~[akka-actor_2.10.jar:na]
	at akka.dispatch.Mailbox.processMailbox(Mailbox.scala:230) ~[akka-actor_2.10.jar:na]
	at akka.dispatch.Mailbox.run(Mailbox.scala:212) ~[akka-actor_2.10.jar:na]
	at akka.dispatch.ForkJoinExecutorConfigurator$MailboxExecutionTask.exec(AbstractDispatcher.scala:502) ~[akka-actor_2.10.jar:na]
	at scala.concurrent.forkjoin.ForkJoinTask.doExec(ForkJoinTask.java:262) ~[scala-library.jar:na]
	at scala.concurrent.forkjoin.ForkJoinPool$WorkQueue.runTask(ForkJoinPool.java:975) ~[scala-library.jar:na]
	at scala.concurrent.forkjoin.ForkJoinPool.runWorker(ForkJoinPool.java:1478) ~[scala-library.jar:na]
	at scala.concurrent.forkjoin.ForkJoinWorkerThread.run(ForkJoinWorkerThread.java:104) ~[scala-library.jar:na]

2014-08-12 10:19:08,599 - [ERROR] - from application in play-internal-execution-context-4 


! @6j77eal49 - Internal server error, for (GET) [/supplier-hotel-leisure-amenities-as-json] ->

play.api.Application$$anon$1: Execution exception[[NumberFormatException: null]]
	at play.api.Application$class.handleError(Application.scala:289) ~[play_2.10.jar:2.1.3]
	at play.api.DefaultApplication.handleError(Application.scala:383) [play_2.10.jar:2.1.3]
	at play.core.server.netty.PlayDefaultUpstreamHandler$$anonfun$play$core$server$netty$PlayDefaultUpstreamHandler$$handle$1$1.apply(PlayDefaultUpstreamHandler.scala:143) [play_2.10.jar:2.1.3]
	at play.core.server.netty.PlayDefaultUpstreamHandler$$anonfun$play$core$server$netty$PlayDefaultUpstreamHandler$$handle$1$1.apply(PlayDefaultUpstreamHandler.scala:139) [play_2.10.jar:2.1.3]
	at play.api.libs.concurrent.PlayPromise$$anonfun$extend1$1.apply(Promise.scala:113) [play_2.10.jar:2.1.3]
	at play.api.libs.concurrent.PlayPromise$$anonfun$extend1$1.apply(Promise.scala:113) [play_2.10.jar:2.1.3]
	at play.api.libs.concurrent.PlayPromise$$anonfun$extend$1$$anonfun$apply$1.apply(Promise.scala:104) [play_2.10.jar:2.1.3]
	at scala.concurrent.impl.Future$PromiseCompletingRunnable.liftedTree1$1(Future.scala:24) [scala-library.jar:na]
	at scala.concurrent.impl.Future$PromiseCompletingRunnable.run(Future.scala:24) [scala-library.jar:na]
	at java.util.concurrent.ThreadPoolExecutor.runWorker(ThreadPoolExecutor.java:1145) [na:1.7.0_45]
	at java.util.concurrent.ThreadPoolExecutor$Worker.run(ThreadPoolExecutor.java:615) [na:1.7.0_45]
	at java.lang.Thread.run(Thread.java:744) [na:1.7.0_45]
java.lang.NumberFormatException: null
	at java.lang.Long.parseLong(Long.java:404) ~[na:1.7.0_45]
	at java.lang.Long.valueOf(Long.java:540) ~[na:1.7.0_45]
	at com.mnt.custom.module.supplier.controllers.Suppliers.getHotelLeisureAmenitiesInfoJson(Suppliers.java:728) ~[na:na]
	at Routes$$anonfun$routes$1$$anonfun$applyOrElse$56$$anonfun$apply$56.apply(routes_routing.scala:957) ~[na:na]
	at Routes$$anonfun$routes$1$$anonfun$applyOrElse$56$$anonfun$apply$56.apply(routes_routing.scala:957) ~[na:na]
	at play.core.Router$HandlerInvoker$$anon$6$$anon$2.invocation(Router.scala:193) ~[play_2.10.jar:2.1.3]
	at play.core.Router$Routes$$anon$1.invocation(Router.scala:373) ~[play_2.10.jar:2.1.3]
	at play.core.j.JavaAction$$anon$1.call(JavaAction.scala:50) ~[play_2.10.jar:2.1.3]
	at play.GlobalSettings$1.call(GlobalSettings.java:63) ~[play_2.10.jar:2.1.3]
	at play.core.j.JavaAction$$anon$2.apply(JavaAction.scala:80) ~[play_2.10.jar:2.1.3]
	at play.core.j.JavaAction$$anon$2.apply(JavaAction.scala:79) ~[play_2.10.jar:2.1.3]
	at play.libs.F$Promise$PromiseActor.onReceive(F.java:425) ~[play_2.10.jar:2.1.3]
	at akka.actor.UntypedActor$$anonfun$receive$1.applyOrElse(UntypedActor.scala:159) ~[akka-actor_2.10.jar:na]
	at akka.actor.ActorCell.receiveMessage(ActorCell.scala:425) ~[akka-actor_2.10.jar:na]
	at akka.actor.ActorCell.invoke(ActorCell.scala:386) ~[akka-actor_2.10.jar:na]
	at akka.dispatch.Mailbox.processMailbox(Mailbox.scala:230) ~[akka-actor_2.10.jar:na]
	at akka.dispatch.Mailbox.run(Mailbox.scala:212) ~[akka-actor_2.10.jar:na]
	at akka.dispatch.ForkJoinExecutorConfigurator$MailboxExecutionTask.exec(AbstractDispatcher.scala:502) ~[akka-actor_2.10.jar:na]
	at scala.concurrent.forkjoin.ForkJoinTask.doExec(ForkJoinTask.java:262) ~[scala-library.jar:na]
	at scala.concurrent.forkjoin.ForkJoinPool$WorkQueue.runTask(ForkJoinPool.java:975) ~[scala-library.jar:na]
	at scala.concurrent.forkjoin.ForkJoinPool.runWorker(ForkJoinPool.java:1478) ~[scala-library.jar:na]
	at scala.concurrent.forkjoin.ForkJoinWorkerThread.run(ForkJoinWorkerThread.java:104) ~[scala-library.jar:na]

2014-08-12 10:19:08,595 - [ERROR] - from application in play-internal-execution-context-1 


! @6j77eal33 - Internal server error, for (GET) [/supplier-hotel-amenities-as-json] ->

play.api.Application$$anon$1: Execution exception[[NumberFormatException: null]]
	at play.api.Application$class.handleError(Application.scala:289) ~[play_2.10.jar:2.1.3]
	at play.api.DefaultApplication.handleError(Application.scala:383) [play_2.10.jar:2.1.3]
	at play.core.server.netty.PlayDefaultUpstreamHandler$$anonfun$play$core$server$netty$PlayDefaultUpstreamHandler$$handle$1$1.apply(PlayDefaultUpstreamHandler.scala:143) [play_2.10.jar:2.1.3]
	at play.core.server.netty.PlayDefaultUpstreamHandler$$anonfun$play$core$server$netty$PlayDefaultUpstreamHandler$$handle$1$1.apply(PlayDefaultUpstreamHandler.scala:139) [play_2.10.jar:2.1.3]
	at play.api.libs.concurrent.PlayPromise$$anonfun$extend1$1.apply(Promise.scala:113) [play_2.10.jar:2.1.3]
	at play.api.libs.concurrent.PlayPromise$$anonfun$extend1$1.apply(Promise.scala:113) [play_2.10.jar:2.1.3]
	at play.api.libs.concurrent.PlayPromise$$anonfun$extend$1$$anonfun$apply$1.apply(Promise.scala:104) [play_2.10.jar:2.1.3]
	at scala.concurrent.impl.Future$PromiseCompletingRunnable.liftedTree1$1(Future.scala:24) [scala-library.jar:na]
	at scala.concurrent.impl.Future$PromiseCompletingRunnable.run(Future.scala:24) [scala-library.jar:na]
	at java.util.concurrent.ThreadPoolExecutor.runWorker(ThreadPoolExecutor.java:1145) [na:1.7.0_45]
	at java.util.concurrent.ThreadPoolExecutor$Worker.run(ThreadPoolExecutor.java:615) [na:1.7.0_45]
	at java.lang.Thread.run(Thread.java:744) [na:1.7.0_45]
java.lang.NumberFormatException: null
	at java.lang.Long.parseLong(Long.java:404) ~[na:1.7.0_45]
	at java.lang.Long.valueOf(Long.java:540) ~[na:1.7.0_45]
	at com.mnt.custom.module.supplier.controllers.Suppliers.getHotelAmenitiesInfoJson(Suppliers.java:611) ~[na:na]
	at Routes$$anonfun$routes$1$$anonfun$applyOrElse$48$$anonfun$apply$48.apply(routes_routing.scala:893) ~[na:na]
	at Routes$$anonfun$routes$1$$anonfun$applyOrElse$48$$anonfun$apply$48.apply(routes_routing.scala:893) ~[na:na]
	at play.core.Router$HandlerInvoker$$anon$6$$anon$2.invocation(Router.scala:193) ~[play_2.10.jar:2.1.3]
	at play.core.Router$Routes$$anon$1.invocation(Router.scala:373) ~[play_2.10.jar:2.1.3]
	at play.core.j.JavaAction$$anon$1.call(JavaAction.scala:50) ~[play_2.10.jar:2.1.3]
	at play.GlobalSettings$1.call(GlobalSettings.java:63) ~[play_2.10.jar:2.1.3]
	at play.core.j.JavaAction$$anon$2.apply(JavaAction.scala:80) ~[play_2.10.jar:2.1.3]
	at play.core.j.JavaAction$$anon$2.apply(JavaAction.scala:79) ~[play_2.10.jar:2.1.3]
	at play.libs.F$Promise$PromiseActor.onReceive(F.java:425) ~[play_2.10.jar:2.1.3]
	at akka.actor.UntypedActor$$anonfun$receive$1.applyOrElse(UntypedActor.scala:159) ~[akka-actor_2.10.jar:na]
	at akka.actor.ActorCell.receiveMessage(ActorCell.scala:425) ~[akka-actor_2.10.jar:na]
	at akka.actor.ActorCell.invoke(ActorCell.scala:386) ~[akka-actor_2.10.jar:na]
	at akka.dispatch.Mailbox.processMailbox(Mailbox.scala:230) ~[akka-actor_2.10.jar:na]
	at akka.dispatch.Mailbox.run(Mailbox.scala:212) ~[akka-actor_2.10.jar:na]
	at akka.dispatch.ForkJoinExecutorConfigurator$MailboxExecutionTask.exec(AbstractDispatcher.scala:502) ~[akka-actor_2.10.jar:na]
	at scala.concurrent.forkjoin.ForkJoinTask.doExec(ForkJoinTask.java:262) ~[scala-library.jar:na]
	at scala.concurrent.forkjoin.ForkJoinPool$WorkQueue.runTask(ForkJoinPool.java:975) ~[scala-library.jar:na]
	at scala.concurrent.forkjoin.ForkJoinPool.runWorker(ForkJoinPool.java:1478) ~[scala-library.jar:na]
	at scala.concurrent.forkjoin.ForkJoinWorkerThread.run(ForkJoinWorkerThread.java:104) ~[scala-library.jar:na]

2014-08-12 10:19:08,634 - [ERROR] - from application in play-internal-execution-context-1 


! @6j77eal5j - Internal server error, for (GET) [/supplier-general-information-as-json] ->

play.api.Application$$anon$1: Execution exception[[NumberFormatException: null]]
	at play.api.Application$class.handleError(Application.scala:289) ~[play_2.10.jar:2.1.3]
	at play.api.DefaultApplication.handleError(Application.scala:383) [play_2.10.jar:2.1.3]
	at play.core.server.netty.PlayDefaultUpstreamHandler$$anonfun$play$core$server$netty$PlayDefaultUpstreamHandler$$handle$1$1.apply(PlayDefaultUpstreamHandler.scala:143) [play_2.10.jar:2.1.3]
	at play.core.server.netty.PlayDefaultUpstreamHandler$$anonfun$play$core$server$netty$PlayDefaultUpstreamHandler$$handle$1$1.apply(PlayDefaultUpstreamHandler.scala:139) [play_2.10.jar:2.1.3]
	at play.api.libs.concurrent.PlayPromise$$anonfun$extend1$1.apply(Promise.scala:113) [play_2.10.jar:2.1.3]
	at play.api.libs.concurrent.PlayPromise$$anonfun$extend1$1.apply(Promise.scala:113) [play_2.10.jar:2.1.3]
	at play.api.libs.concurrent.PlayPromise$$anonfun$extend$1$$anonfun$apply$1.apply(Promise.scala:104) [play_2.10.jar:2.1.3]
	at scala.concurrent.impl.Future$PromiseCompletingRunnable.liftedTree1$1(Future.scala:24) [scala-library.jar:na]
	at scala.concurrent.impl.Future$PromiseCompletingRunnable.run(Future.scala:24) [scala-library.jar:na]
	at java.util.concurrent.ThreadPoolExecutor.runWorker(ThreadPoolExecutor.java:1145) [na:1.7.0_45]
	at java.util.concurrent.ThreadPoolExecutor$Worker.run(ThreadPoolExecutor.java:615) [na:1.7.0_45]
	at java.lang.Thread.run(Thread.java:744) [na:1.7.0_45]
java.lang.NumberFormatException: null
	at java.lang.Long.parseLong(Long.java:404) ~[na:1.7.0_45]
	at java.lang.Long.valueOf(Long.java:540) ~[na:1.7.0_45]
	at com.mnt.custom.module.supplier.controllers.Suppliers.getGeneralInformationJson(Suppliers.java:96) ~[na:na]
	at Routes$$anonfun$routes$1$$anonfun$applyOrElse$14$$anonfun$apply$14.apply(routes_routing.scala:621) ~[na:na]
	at Routes$$anonfun$routes$1$$anonfun$applyOrElse$14$$anonfun$apply$14.apply(routes_routing.scala:621) ~[na:na]
	at play.core.Router$HandlerInvoker$$anon$6$$anon$2.invocation(Router.scala:193) ~[play_2.10.jar:2.1.3]
	at play.core.Router$Routes$$anon$1.invocation(Router.scala:373) ~[play_2.10.jar:2.1.3]
	at play.core.j.JavaAction$$anon$1.call(JavaAction.scala:50) ~[play_2.10.jar:2.1.3]
	at play.GlobalSettings$1.call(GlobalSettings.java:63) ~[play_2.10.jar:2.1.3]
	at play.core.j.JavaAction$$anon$2.apply(JavaAction.scala:80) ~[play_2.10.jar:2.1.3]
	at play.core.j.JavaAction$$anon$2.apply(JavaAction.scala:79) ~[play_2.10.jar:2.1.3]
	at play.libs.F$Promise$PromiseActor.onReceive(F.java:425) ~[play_2.10.jar:2.1.3]
	at akka.actor.UntypedActor$$anonfun$receive$1.applyOrElse(UntypedActor.scala:159) ~[akka-actor_2.10.jar:na]
	at akka.actor.ActorCell.receiveMessage(ActorCell.scala:425) ~[akka-actor_2.10.jar:na]
	at akka.actor.ActorCell.invoke(ActorCell.scala:386) ~[akka-actor_2.10.jar:na]
	at akka.dispatch.Mailbox.processMailbox(Mailbox.scala:230) ~[akka-actor_2.10.jar:na]
	at akka.dispatch.Mailbox.run(Mailbox.scala:212) ~[akka-actor_2.10.jar:na]
	at akka.dispatch.ForkJoinExecutorConfigurator$MailboxExecutionTask.exec(AbstractDispatcher.scala:502) ~[akka-actor_2.10.jar:na]
	at scala.concurrent.forkjoin.ForkJoinTask.doExec(ForkJoinTask.java:262) ~[scala-library.jar:na]
	at scala.concurrent.forkjoin.ForkJoinPool$WorkQueue.runTask(ForkJoinPool.java:975) ~[scala-library.jar:na]
	at scala.concurrent.forkjoin.ForkJoinPool.runWorker(ForkJoinPool.java:1478) ~[scala-library.jar:na]
	at scala.concurrent.forkjoin.ForkJoinWorkerThread.run(ForkJoinWorkerThread.java:104) ~[scala-library.jar:na]

2014-08-12 10:19:08,655 - [ERROR] - from application in play-internal-execution-context-3 


! @6j77eal6e - Internal server error, for (GET) [/supplier-hotel-transportation-as-json] ->

play.api.Application$$anon$1: Execution exception[[NumberFormatException: null]]
	at play.api.Application$class.handleError(Application.scala:289) ~[play_2.10.jar:2.1.3]
	at play.api.DefaultApplication.handleError(Application.scala:383) [play_2.10.jar:2.1.3]
	at play.core.server.netty.PlayDefaultUpstreamHandler$$anonfun$play$core$server$netty$PlayDefaultUpstreamHandler$$handle$1$1.apply(PlayDefaultUpstreamHandler.scala:143) [play_2.10.jar:2.1.3]
	at play.core.server.netty.PlayDefaultUpstreamHandler$$anonfun$play$core$server$netty$PlayDefaultUpstreamHandler$$handle$1$1.apply(PlayDefaultUpstreamHandler.scala:139) [play_2.10.jar:2.1.3]
	at play.api.libs.concurrent.PlayPromise$$anonfun$extend1$1.apply(Promise.scala:113) [play_2.10.jar:2.1.3]
	at play.api.libs.concurrent.PlayPromise$$anonfun$extend1$1.apply(Promise.scala:113) [play_2.10.jar:2.1.3]
	at play.api.libs.concurrent.PlayPromise$$anonfun$extend$1$$anonfun$apply$1.apply(Promise.scala:104) [play_2.10.jar:2.1.3]
	at scala.concurrent.impl.Future$PromiseCompletingRunnable.liftedTree1$1(Future.scala:24) [scala-library.jar:na]
	at scala.concurrent.impl.Future$PromiseCompletingRunnable.run(Future.scala:24) [scala-library.jar:na]
	at java.util.concurrent.ThreadPoolExecutor.runWorker(ThreadPoolExecutor.java:1145) [na:1.7.0_45]
	at java.util.concurrent.ThreadPoolExecutor$Worker.run(ThreadPoolExecutor.java:615) [na:1.7.0_45]
	at java.lang.Thread.run(Thread.java:744) [na:1.7.0_45]
java.lang.NumberFormatException: null
	at java.lang.Long.parseLong(Long.java:404) ~[na:1.7.0_45]
	at java.lang.Long.valueOf(Long.java:540) ~[na:1.7.0_45]
	at com.mnt.custom.module.supplier.controllers.Suppliers.getHotelTransportationInfoJson(Suppliers.java:827) ~[na:na]
	at Routes$$anonfun$routes$1$$anonfun$applyOrElse$64$$anonfun$apply$64.apply(routes_routing.scala:1021) ~[na:na]
	at Routes$$anonfun$routes$1$$anonfun$applyOrElse$64$$anonfun$apply$64.apply(routes_routing.scala:1021) ~[na:na]
	at play.core.Router$HandlerInvoker$$anon$6$$anon$2.invocation(Router.scala:193) ~[play_2.10.jar:2.1.3]
	at play.core.Router$Routes$$anon$1.invocation(Router.scala:373) ~[play_2.10.jar:2.1.3]
	at play.core.j.JavaAction$$anon$1.call(JavaAction.scala:50) ~[play_2.10.jar:2.1.3]
	at play.GlobalSettings$1.call(GlobalSettings.java:63) ~[play_2.10.jar:2.1.3]
	at play.core.j.JavaAction$$anon$2.apply(JavaAction.scala:80) ~[play_2.10.jar:2.1.3]
	at play.core.j.JavaAction$$anon$2.apply(JavaAction.scala:79) ~[play_2.10.jar:2.1.3]
	at play.libs.F$Promise$PromiseActor.onReceive(F.java:425) ~[play_2.10.jar:2.1.3]
	at akka.actor.UntypedActor$$anonfun$receive$1.applyOrElse(UntypedActor.scala:159) ~[akka-actor_2.10.jar:na]
	at akka.actor.ActorCell.receiveMessage(ActorCell.scala:425) ~[akka-actor_2.10.jar:na]
	at akka.actor.ActorCell.invoke(ActorCell.scala:386) ~[akka-actor_2.10.jar:na]
	at akka.dispatch.Mailbox.processMailbox(Mailbox.scala:230) ~[akka-actor_2.10.jar:na]
	at akka.dispatch.Mailbox.run(Mailbox.scala:212) ~[akka-actor_2.10.jar:na]
	at akka.dispatch.ForkJoinExecutorConfigurator$MailboxExecutionTask.exec(AbstractDispatcher.scala:502) ~[akka-actor_2.10.jar:na]
	at scala.concurrent.forkjoin.ForkJoinTask.doExec(ForkJoinTask.java:262) ~[scala-library.jar:na]
	at scala.concurrent.forkjoin.ForkJoinPool$WorkQueue.runTask(ForkJoinPool.java:975) ~[scala-library.jar:na]
	at scala.concurrent.forkjoin.ForkJoinPool.runWorker(ForkJoinPool.java:1478) ~[scala-library.jar:na]
	at scala.concurrent.forkjoin.ForkJoinWorkerThread.run(ForkJoinWorkerThread.java:104) ~[scala-library.jar:na]

2014-08-12 10:19:08,702 - [ERROR] - from application in play-internal-execution-context-2 


! @6j77eal89 - Internal server error, for (GET) [/supplier-hotel-attractions-as-json] ->

play.api.Application$$anon$1: Execution exception[[NumberFormatException: null]]
	at play.api.Application$class.handleError(Application.scala:289) ~[play_2.10.jar:2.1.3]
	at play.api.DefaultApplication.handleError(Application.scala:383) [play_2.10.jar:2.1.3]
	at play.core.server.netty.PlayDefaultUpstreamHandler$$anonfun$play$core$server$netty$PlayDefaultUpstreamHandler$$handle$1$1.apply(PlayDefaultUpstreamHandler.scala:143) [play_2.10.jar:2.1.3]
	at play.core.server.netty.PlayDefaultUpstreamHandler$$anonfun$play$core$server$netty$PlayDefaultUpstreamHandler$$handle$1$1.apply(PlayDefaultUpstreamHandler.scala:139) [play_2.10.jar:2.1.3]
	at play.api.libs.concurrent.PlayPromise$$anonfun$extend1$1.apply(Promise.scala:113) [play_2.10.jar:2.1.3]
	at play.api.libs.concurrent.PlayPromise$$anonfun$extend1$1.apply(Promise.scala:113) [play_2.10.jar:2.1.3]
	at play.api.libs.concurrent.PlayPromise$$anonfun$extend$1$$anonfun$apply$1.apply(Promise.scala:104) [play_2.10.jar:2.1.3]
	at scala.concurrent.impl.Future$PromiseCompletingRunnable.liftedTree1$1(Future.scala:24) [scala-library.jar:na]
	at scala.concurrent.impl.Future$PromiseCompletingRunnable.run(Future.scala:24) [scala-library.jar:na]
	at java.util.concurrent.ThreadPoolExecutor.runWorker(ThreadPoolExecutor.java:1145) [na:1.7.0_45]
	at java.util.concurrent.ThreadPoolExecutor$Worker.run(ThreadPoolExecutor.java:615) [na:1.7.0_45]
	at java.lang.Thread.run(Thread.java:744) [na:1.7.0_45]
java.lang.NumberFormatException: null
	at java.lang.Long.parseLong(Long.java:404) ~[na:1.7.0_45]
	at java.lang.Long.valueOf(Long.java:540) ~[na:1.7.0_45]
	at com.mnt.custom.module.supplier.controllers.Suppliers.getHotelAttractionsInfoJson(Suppliers.java:782) ~[na:na]
	at Routes$$anonfun$routes$1$$anonfun$applyOrElse$60$$anonfun$apply$60.apply(routes_routing.scala:989) ~[na:na]
	at Routes$$anonfun$routes$1$$anonfun$applyOrElse$60$$anonfun$apply$60.apply(routes_routing.scala:989) ~[na:na]
	at play.core.Router$HandlerInvoker$$anon$6$$anon$2.invocation(Router.scala:193) ~[play_2.10.jar:2.1.3]
	at play.core.Router$Routes$$anon$1.invocation(Router.scala:373) ~[play_2.10.jar:2.1.3]
	at play.core.j.JavaAction$$anon$1.call(JavaAction.scala:50) ~[play_2.10.jar:2.1.3]
	at play.GlobalSettings$1.call(GlobalSettings.java:63) ~[play_2.10.jar:2.1.3]
	at play.core.j.JavaAction$$anon$2.apply(JavaAction.scala:80) ~[play_2.10.jar:2.1.3]
	at play.core.j.JavaAction$$anon$2.apply(JavaAction.scala:79) ~[play_2.10.jar:2.1.3]
	at play.libs.F$Promise$PromiseActor.onReceive(F.java:425) ~[play_2.10.jar:2.1.3]
	at akka.actor.UntypedActor$$anonfun$receive$1.applyOrElse(UntypedActor.scala:159) ~[akka-actor_2.10.jar:na]
	at akka.actor.ActorCell.receiveMessage(ActorCell.scala:425) ~[akka-actor_2.10.jar:na]
	at akka.actor.ActorCell.invoke(ActorCell.scala:386) ~[akka-actor_2.10.jar:na]
	at akka.dispatch.Mailbox.processMailbox(Mailbox.scala:230) ~[akka-actor_2.10.jar:na]
	at akka.dispatch.Mailbox.run(Mailbox.scala:212) ~[akka-actor_2.10.jar:na]
	at akka.dispatch.ForkJoinExecutorConfigurator$MailboxExecutionTask.exec(AbstractDispatcher.scala:502) ~[akka-actor_2.10.jar:na]
	at scala.concurrent.forkjoin.ForkJoinTask.doExec(ForkJoinTask.java:262) ~[scala-library.jar:na]
	at scala.concurrent.forkjoin.ForkJoinPool$WorkQueue.runTask(ForkJoinPool.java:975) ~[scala-library.jar:na]
	at scala.concurrent.forkjoin.ForkJoinPool.runWorker(ForkJoinPool.java:1478) ~[scala-library.jar:na]
	at scala.concurrent.forkjoin.ForkJoinWorkerThread.run(ForkJoinWorkerThread.java:104) ~[scala-library.jar:na]

2014-08-12 10:19:08,736 - [ERROR] - from application in play-internal-execution-context-4 


! @6j77eal9a - Internal server error, for (GET) [/supplier-hotel-business-amenities-as-json] ->

play.api.Application$$anon$1: Execution exception[[NumberFormatException: null]]
	at play.api.Application$class.handleError(Application.scala:289) ~[play_2.10.jar:2.1.3]
	at play.api.DefaultApplication.handleError(Application.scala:383) [play_2.10.jar:2.1.3]
	at play.core.server.netty.PlayDefaultUpstreamHandler$$anonfun$play$core$server$netty$PlayDefaultUpstreamHandler$$handle$1$1.apply(PlayDefaultUpstreamHandler.scala:143) [play_2.10.jar:2.1.3]
	at play.core.server.netty.PlayDefaultUpstreamHandler$$anonfun$play$core$server$netty$PlayDefaultUpstreamHandler$$handle$1$1.apply(PlayDefaultUpstreamHandler.scala:139) [play_2.10.jar:2.1.3]
	at play.api.libs.concurrent.PlayPromise$$anonfun$extend1$1.apply(Promise.scala:113) [play_2.10.jar:2.1.3]
	at play.api.libs.concurrent.PlayPromise$$anonfun$extend1$1.apply(Promise.scala:113) [play_2.10.jar:2.1.3]
	at play.api.libs.concurrent.PlayPromise$$anonfun$extend$1$$anonfun$apply$1.apply(Promise.scala:104) [play_2.10.jar:2.1.3]
	at scala.concurrent.impl.Future$PromiseCompletingRunnable.liftedTree1$1(Future.scala:24) [scala-library.jar:na]
	at scala.concurrent.impl.Future$PromiseCompletingRunnable.run(Future.scala:24) [scala-library.jar:na]
	at java.util.concurrent.ThreadPoolExecutor.runWorker(ThreadPoolExecutor.java:1145) [na:1.7.0_45]
	at java.util.concurrent.ThreadPoolExecutor$Worker.run(ThreadPoolExecutor.java:615) [na:1.7.0_45]
	at java.lang.Thread.run(Thread.java:744) [na:1.7.0_45]
java.lang.NumberFormatException: null
	at java.lang.Long.parseLong(Long.java:404) ~[na:1.7.0_45]
	at java.lang.Long.valueOf(Long.java:540) ~[na:1.7.0_45]
	at com.mnt.custom.module.supplier.controllers.Suppliers.getHotelBusinessAmenitiesInfoJson(Suppliers.java:672) ~[na:na]
	at Routes$$anonfun$routes$1$$anonfun$applyOrElse$52$$anonfun$apply$52.apply(routes_routing.scala:925) ~[na:na]
	at Routes$$anonfun$routes$1$$anonfun$applyOrElse$52$$anonfun$apply$52.apply(routes_routing.scala:925) ~[na:na]
	at play.core.Router$HandlerInvoker$$anon$6$$anon$2.invocation(Router.scala:193) ~[play_2.10.jar:2.1.3]
	at play.core.Router$Routes$$anon$1.invocation(Router.scala:373) ~[play_2.10.jar:2.1.3]
	at play.core.j.JavaAction$$anon$1.call(JavaAction.scala:50) ~[play_2.10.jar:2.1.3]
	at play.GlobalSettings$1.call(GlobalSettings.java:63) ~[play_2.10.jar:2.1.3]
	at play.core.j.JavaAction$$anon$2.apply(JavaAction.scala:80) ~[play_2.10.jar:2.1.3]
	at play.core.j.JavaAction$$anon$2.apply(JavaAction.scala:79) ~[play_2.10.jar:2.1.3]
	at play.libs.F$Promise$PromiseActor.onReceive(F.java:425) ~[play_2.10.jar:2.1.3]
	at akka.actor.UntypedActor$$anonfun$receive$1.applyOrElse(UntypedActor.scala:159) ~[akka-actor_2.10.jar:na]
	at akka.actor.ActorCell.receiveMessage(ActorCell.scala:425) ~[akka-actor_2.10.jar:na]
	at akka.actor.ActorCell.invoke(ActorCell.scala:386) ~[akka-actor_2.10.jar:na]
	at akka.dispatch.Mailbox.processMailbox(Mailbox.scala:230) ~[akka-actor_2.10.jar:na]
	at akka.dispatch.Mailbox.run(Mailbox.scala:212) ~[akka-actor_2.10.jar:na]
	at akka.dispatch.ForkJoinExecutorConfigurator$MailboxExecutionTask.exec(AbstractDispatcher.scala:502) ~[akka-actor_2.10.jar:na]
	at scala.concurrent.forkjoin.ForkJoinTask.doExec(ForkJoinTask.java:262) ~[scala-library.jar:na]
	at scala.concurrent.forkjoin.ForkJoinPool$WorkQueue.runTask(ForkJoinPool.java:975) ~[scala-library.jar:na]
	at scala.concurrent.forkjoin.ForkJoinPool.runWorker(ForkJoinPool.java:1478) ~[scala-library.jar:na]
	at scala.concurrent.forkjoin.ForkJoinWorkerThread.run(ForkJoinWorkerThread.java:104) ~[scala-library.jar:na]

2014-08-12 10:19:08,750 - [ERROR] - from application in play-internal-execution-context-3 


! @6j77eala5 - Internal server error, for (GET) [/supplier-hotel-business-additional-as-json] ->

play.api.Application$$anon$1: Execution exception[[NumberFormatException: null]]
	at play.api.Application$class.handleError(Application.scala:289) ~[play_2.10.jar:2.1.3]
	at play.api.DefaultApplication.handleError(Application.scala:383) [play_2.10.jar:2.1.3]
	at play.core.server.netty.PlayDefaultUpstreamHandler$$anonfun$play$core$server$netty$PlayDefaultUpstreamHandler$$handle$1$1.apply(PlayDefaultUpstreamHandler.scala:143) [play_2.10.jar:2.1.3]
	at play.core.server.netty.PlayDefaultUpstreamHandler$$anonfun$play$core$server$netty$PlayDefaultUpstreamHandler$$handle$1$1.apply(PlayDefaultUpstreamHandler.scala:139) [play_2.10.jar:2.1.3]
	at play.api.libs.concurrent.PlayPromise$$anonfun$extend1$1.apply(Promise.scala:113) [play_2.10.jar:2.1.3]
	at play.api.libs.concurrent.PlayPromise$$anonfun$extend1$1.apply(Promise.scala:113) [play_2.10.jar:2.1.3]
	at play.api.libs.concurrent.PlayPromise$$anonfun$extend$1$$anonfun$apply$1.apply(Promise.scala:104) [play_2.10.jar:2.1.3]
	at scala.concurrent.impl.Future$PromiseCompletingRunnable.liftedTree1$1(Future.scala:24) [scala-library.jar:na]
	at scala.concurrent.impl.Future$PromiseCompletingRunnable.run(Future.scala:24) [scala-library.jar:na]
	at java.util.concurrent.ThreadPoolExecutor.runWorker(ThreadPoolExecutor.java:1145) [na:1.7.0_45]
	at java.util.concurrent.ThreadPoolExecutor$Worker.run(ThreadPoolExecutor.java:615) [na:1.7.0_45]
	at java.lang.Thread.run(Thread.java:744) [na:1.7.0_45]
java.lang.NumberFormatException: null
	at java.lang.Long.parseLong(Long.java:404) ~[na:1.7.0_45]
	at java.lang.Long.valueOf(Long.java:540) ~[na:1.7.0_45]
	at com.mnt.custom.module.supplier.controllers.Suppliers.getHotelAdditionalInfoJson(Suppliers.java:421) ~[na:na]
	at Routes$$anonfun$routes$1$$anonfun$applyOrElse$44$$anonfun$apply$44.apply(routes_routing.scala:861) ~[na:na]
	at Routes$$anonfun$routes$1$$anonfun$applyOrElse$44$$anonfun$apply$44.apply(routes_routing.scala:861) ~[na:na]
	at play.core.Router$HandlerInvoker$$anon$6$$anon$2.invocation(Router.scala:193) ~[play_2.10.jar:2.1.3]
	at play.core.Router$Routes$$anon$1.invocation(Router.scala:373) ~[play_2.10.jar:2.1.3]
	at play.core.j.JavaAction$$anon$1.call(JavaAction.scala:50) ~[play_2.10.jar:2.1.3]
	at play.GlobalSettings$1.call(GlobalSettings.java:63) ~[play_2.10.jar:2.1.3]
	at play.core.j.JavaAction$$anon$2.apply(JavaAction.scala:80) ~[play_2.10.jar:2.1.3]
	at play.core.j.JavaAction$$anon$2.apply(JavaAction.scala:79) ~[play_2.10.jar:2.1.3]
	at play.libs.F$Promise$PromiseActor.onReceive(F.java:425) ~[play_2.10.jar:2.1.3]
	at akka.actor.UntypedActor$$anonfun$receive$1.applyOrElse(UntypedActor.scala:159) ~[akka-actor_2.10.jar:na]
	at akka.actor.ActorCell.receiveMessage(ActorCell.scala:425) ~[akka-actor_2.10.jar:na]
	at akka.actor.ActorCell.invoke(ActorCell.scala:386) ~[akka-actor_2.10.jar:na]
	at akka.dispatch.Mailbox.processMailbox(Mailbox.scala:230) ~[akka-actor_2.10.jar:na]
	at akka.dispatch.Mailbox.run(Mailbox.scala:212) ~[akka-actor_2.10.jar:na]
	at akka.dispatch.ForkJoinExecutorConfigurator$MailboxExecutionTask.exec(AbstractDispatcher.scala:502) ~[akka-actor_2.10.jar:na]
	at scala.concurrent.forkjoin.ForkJoinTask.doExec(ForkJoinTask.java:262) ~[scala-library.jar:na]
	at scala.concurrent.forkjoin.ForkJoinPool$WorkQueue.runTask(ForkJoinPool.java:975) ~[scala-library.jar:na]
	at scala.concurrent.forkjoin.ForkJoinPool.runWorker(ForkJoinPool.java:1478) ~[scala-library.jar:na]
	at scala.concurrent.forkjoin.ForkJoinWorkerThread.run(ForkJoinWorkerThread.java:104) ~[scala-library.jar:na]

2014-08-12 10:19:08,755 - [ERROR] - from application in play-internal-execution-context-1 


! @6j77ealaa - Internal server error, for (GET) [/supplier-hotel-health-as-json] ->

play.api.Application$$anon$1: Execution exception[[NumberFormatException: null]]
	at play.api.Application$class.handleError(Application.scala:289) ~[play_2.10.jar:2.1.3]
	at play.api.DefaultApplication.handleError(Application.scala:383) [play_2.10.jar:2.1.3]
	at play.core.server.netty.PlayDefaultUpstreamHandler$$anonfun$play$core$server$netty$PlayDefaultUpstreamHandler$$handle$1$1.apply(PlayDefaultUpstreamHandler.scala:143) [play_2.10.jar:2.1.3]
	at play.core.server.netty.PlayDefaultUpstreamHandler$$anonfun$play$core$server$netty$PlayDefaultUpstreamHandler$$handle$1$1.apply(PlayDefaultUpstreamHandler.scala:139) [play_2.10.jar:2.1.3]
	at play.api.libs.concurrent.PlayPromise$$anonfun$extend1$1.apply(Promise.scala:113) [play_2.10.jar:2.1.3]
	at play.api.libs.concurrent.PlayPromise$$anonfun$extend1$1.apply(Promise.scala:113) [play_2.10.jar:2.1.3]
	at play.api.libs.concurrent.PlayPromise$$anonfun$extend$1$$anonfun$apply$1.apply(Promise.scala:104) [play_2.10.jar:2.1.3]
	at scala.concurrent.impl.Future$PromiseCompletingRunnable.liftedTree1$1(Future.scala:24) [scala-library.jar:na]
	at scala.concurrent.impl.Future$PromiseCompletingRunnable.run(Future.scala:24) [scala-library.jar:na]
	at java.util.concurrent.ThreadPoolExecutor.runWorker(ThreadPoolExecutor.java:1145) [na:1.7.0_45]
	at java.util.concurrent.ThreadPoolExecutor$Worker.run(ThreadPoolExecutor.java:615) [na:1.7.0_45]
	at java.lang.Thread.run(Thread.java:744) [na:1.7.0_45]
java.lang.NumberFormatException: null
	at java.lang.Long.parseLong(Long.java:404) ~[na:1.7.0_45]
	at java.lang.Long.valueOf(Long.java:540) ~[na:1.7.0_45]
	at com.mnt.custom.module.supplier.controllers.Suppliers.getHotelHealthInfoJson(Suppliers.java:876) ~[na:na]
	at Routes$$anonfun$routes$1$$anonfun$applyOrElse$68$$anonfun$apply$68.apply(routes_routing.scala:1053) ~[na:na]
	at Routes$$anonfun$routes$1$$anonfun$applyOrElse$68$$anonfun$apply$68.apply(routes_routing.scala:1053) ~[na:na]
	at play.core.Router$HandlerInvoker$$anon$6$$anon$2.invocation(Router.scala:193) ~[play_2.10.jar:2.1.3]
	at play.core.Router$Routes$$anon$1.invocation(Router.scala:373) ~[play_2.10.jar:2.1.3]
	at play.core.j.JavaAction$$anon$1.call(JavaAction.scala:50) ~[play_2.10.jar:2.1.3]
	at play.GlobalSettings$1.call(GlobalSettings.java:63) ~[play_2.10.jar:2.1.3]
	at play.core.j.JavaAction$$anon$2.apply(JavaAction.scala:80) ~[play_2.10.jar:2.1.3]
	at play.core.j.JavaAction$$anon$2.apply(JavaAction.scala:79) ~[play_2.10.jar:2.1.3]
	at play.libs.F$Promise$PromiseActor.onReceive(F.java:425) ~[play_2.10.jar:2.1.3]
	at akka.actor.UntypedActor$$anonfun$receive$1.applyOrElse(UntypedActor.scala:159) ~[akka-actor_2.10.jar:na]
	at akka.actor.ActorCell.receiveMessage(ActorCell.scala:425) ~[akka-actor_2.10.jar:na]
	at akka.actor.ActorCell.invoke(ActorCell.scala:386) ~[akka-actor_2.10.jar:na]
	at akka.dispatch.Mailbox.processMailbox(Mailbox.scala:230) ~[akka-actor_2.10.jar:na]
	at akka.dispatch.Mailbox.run(Mailbox.scala:212) ~[akka-actor_2.10.jar:na]
	at akka.dispatch.ForkJoinExecutorConfigurator$MailboxExecutionTask.exec(AbstractDispatcher.scala:502) ~[akka-actor_2.10.jar:na]
	at scala.concurrent.forkjoin.ForkJoinTask.doExec(ForkJoinTask.java:262) ~[scala-library.jar:na]
	at scala.concurrent.forkjoin.ForkJoinPool$WorkQueue.runTask(ForkJoinPool.java:975) ~[scala-library.jar:na]
	at scala.concurrent.forkjoin.ForkJoinPool.runWorker(ForkJoinPool.java:1478) ~[scala-library.jar:na]
	at scala.concurrent.forkjoin.ForkJoinWorkerThread.run(ForkJoinWorkerThread.java:104) ~[scala-library.jar:na]

2014-08-12 10:19:08,800 - [ERROR] - from application in play-internal-execution-context-3 


! @6j77ealbj - Internal server error, for (GET) [/supplier-hotel-additional-mandatory-as-json] ->

play.api.Application$$anon$1: Execution exception[[NumberFormatException: null]]
	at play.api.Application$class.handleError(Application.scala:289) ~[play_2.10.jar:2.1.3]
	at play.api.DefaultApplication.handleError(Application.scala:383) [play_2.10.jar:2.1.3]
	at play.core.server.netty.PlayDefaultUpstreamHandler$$anonfun$play$core$server$netty$PlayDefaultUpstreamHandler$$handle$1$1.apply(PlayDefaultUpstreamHandler.scala:143) [play_2.10.jar:2.1.3]
	at play.core.server.netty.PlayDefaultUpstreamHandler$$anonfun$play$core$server$netty$PlayDefaultUpstreamHandler$$handle$1$1.apply(PlayDefaultUpstreamHandler.scala:139) [play_2.10.jar:2.1.3]
	at play.api.libs.concurrent.PlayPromise$$anonfun$extend1$1.apply(Promise.scala:113) [play_2.10.jar:2.1.3]
	at play.api.libs.concurrent.PlayPromise$$anonfun$extend1$1.apply(Promise.scala:113) [play_2.10.jar:2.1.3]
	at play.api.libs.concurrent.PlayPromise$$anonfun$extend$1$$anonfun$apply$1.apply(Promise.scala:104) [play_2.10.jar:2.1.3]
	at scala.concurrent.impl.Future$PromiseCompletingRunnable.liftedTree1$1(Future.scala:24) [scala-library.jar:na]
	at scala.concurrent.impl.Future$PromiseCompletingRunnable.run(Future.scala:24) [scala-library.jar:na]
	at java.util.concurrent.ThreadPoolExecutor.runWorker(ThreadPoolExecutor.java:1145) [na:1.7.0_45]
	at java.util.concurrent.ThreadPoolExecutor$Worker.run(ThreadPoolExecutor.java:615) [na:1.7.0_45]
	at java.lang.Thread.run(Thread.java:744) [na:1.7.0_45]
java.lang.NumberFormatException: null
	at java.lang.Long.parseLong(Long.java:404) ~[na:1.7.0_45]
	at java.lang.Long.valueOf(Long.java:540) ~[na:1.7.0_45]
	at com.mnt.custom.module.supplier.controllers.Suppliers.getHotelAdditionalMandatoryInfoJson(Suppliers.java:517) ~[na:na]
	at Routes$$anonfun$routes$1$$anonfun$applyOrElse$76$$anonfun$apply$76.apply(routes_routing.scala:1117) ~[na:na]
	at Routes$$anonfun$routes$1$$anonfun$applyOrElse$76$$anonfun$apply$76.apply(routes_routing.scala:1117) ~[na:na]
	at play.core.Router$HandlerInvoker$$anon$6$$anon$2.invocation(Router.scala:193) ~[play_2.10.jar:2.1.3]
	at play.core.Router$Routes$$anon$1.invocation(Router.scala:373) ~[play_2.10.jar:2.1.3]
	at play.core.j.JavaAction$$anon$1.call(JavaAction.scala:50) ~[play_2.10.jar:2.1.3]
	at play.GlobalSettings$1.call(GlobalSettings.java:63) ~[play_2.10.jar:2.1.3]
	at play.core.j.JavaAction$$anon$2.apply(JavaAction.scala:80) ~[play_2.10.jar:2.1.3]
	at play.core.j.JavaAction$$anon$2.apply(JavaAction.scala:79) ~[play_2.10.jar:2.1.3]
	at play.libs.F$Promise$PromiseActor.onReceive(F.java:425) ~[play_2.10.jar:2.1.3]
	at akka.actor.UntypedActor$$anonfun$receive$1.applyOrElse(UntypedActor.scala:159) ~[akka-actor_2.10.jar:na]
	at akka.actor.ActorCell.receiveMessage(ActorCell.scala:425) ~[akka-actor_2.10.jar:na]
	at akka.actor.ActorCell.invoke(ActorCell.scala:386) ~[akka-actor_2.10.jar:na]
	at akka.dispatch.Mailbox.processMailbox(Mailbox.scala:230) ~[akka-actor_2.10.jar:na]
	at akka.dispatch.Mailbox.run(Mailbox.scala:212) ~[akka-actor_2.10.jar:na]
	at akka.dispatch.ForkJoinExecutorConfigurator$MailboxExecutionTask.exec(AbstractDispatcher.scala:502) ~[akka-actor_2.10.jar:na]
	at scala.concurrent.forkjoin.ForkJoinTask.doExec(ForkJoinTask.java:262) ~[scala-library.jar:na]
	at scala.concurrent.forkjoin.ForkJoinPool$WorkQueue.runTask(ForkJoinPool.java:975) ~[scala-library.jar:na]
	at scala.concurrent.forkjoin.ForkJoinPool.runWorker(ForkJoinPool.java:1478) ~[scala-library.jar:na]
	at scala.concurrent.forkjoin.ForkJoinWorkerThread.run(ForkJoinWorkerThread.java:104) ~[scala-library.jar:na]

2014-08-12 10:20:47,622 - [ERROR] - from application in play-internal-execution-context-2 


! @6j77egbh0 - Internal server error, for (POST) [/save-register-info] ->

play.api.Application$$anon$1: Execution exception[[NullPointerException: null]]
	at play.api.Application$class.handleError(Application.scala:289) ~[play_2.10.jar:2.1.3]
	at play.api.DefaultApplication.handleError(Application.scala:383) [play_2.10.jar:2.1.3]
	at play.core.server.netty.PlayDefaultUpstreamHandler$$anonfun$play$core$server$netty$PlayDefaultUpstreamHandler$$handle$1$1.apply(PlayDefaultUpstreamHandler.scala:143) [play_2.10.jar:2.1.3]
	at play.core.server.netty.PlayDefaultUpstreamHandler$$anonfun$play$core$server$netty$PlayDefaultUpstreamHandler$$handle$1$1.apply(PlayDefaultUpstreamHandler.scala:139) [play_2.10.jar:2.1.3]
	at play.api.libs.concurrent.PlayPromise$$anonfun$extend1$1.apply(Promise.scala:113) [play_2.10.jar:2.1.3]
	at play.api.libs.concurrent.PlayPromise$$anonfun$extend1$1.apply(Promise.scala:113) [play_2.10.jar:2.1.3]
	at play.api.libs.concurrent.PlayPromise$$anonfun$extend$1$$anonfun$apply$1.apply(Promise.scala:104) [play_2.10.jar:2.1.3]
	at scala.concurrent.impl.Future$PromiseCompletingRunnable.liftedTree1$1(Future.scala:24) [scala-library.jar:na]
	at scala.concurrent.impl.Future$PromiseCompletingRunnable.run(Future.scala:24) [scala-library.jar:na]
	at java.util.concurrent.ThreadPoolExecutor.runWorker(ThreadPoolExecutor.java:1145) [na:1.7.0_45]
	at java.util.concurrent.ThreadPoolExecutor$Worker.run(ThreadPoolExecutor.java:615) [na:1.7.0_45]
	at java.lang.Thread.run(Thread.java:744) [na:1.7.0_45]
java.lang.NullPointerException: null
	at com.mnt.custom.module.registrationPage.controllers.Registration.saveSupplierRegisterInfo(Registration.java:62) ~[na:na]
	at Routes$$anonfun$routes$1$$anonfun$applyOrElse$80$$anonfun$apply$80.apply(routes_routing.scala:1149) ~[na:na]
	at Routes$$anonfun$routes$1$$anonfun$applyOrElse$80$$anonfun$apply$80.apply(routes_routing.scala:1149) ~[na:na]
	at play.core.Router$HandlerInvoker$$anon$6$$anon$2.invocation(Router.scala:193) ~[play_2.10.jar:2.1.3]
	at play.core.Router$Routes$$anon$1.invocation(Router.scala:373) ~[play_2.10.jar:2.1.3]
	at play.core.j.JavaAction$$anon$1.call(JavaAction.scala:50) ~[play_2.10.jar:2.1.3]
	at play.GlobalSettings$1.call(GlobalSettings.java:63) ~[play_2.10.jar:2.1.3]
	at play.core.j.JavaAction$$anon$2.apply(JavaAction.scala:80) ~[play_2.10.jar:2.1.3]
	at play.core.j.JavaAction$$anon$2.apply(JavaAction.scala:79) ~[play_2.10.jar:2.1.3]
	at play.libs.F$Promise$PromiseActor.onReceive(F.java:425) ~[play_2.10.jar:2.1.3]
	at akka.actor.UntypedActor$$anonfun$receive$1.applyOrElse(UntypedActor.scala:159) ~[akka-actor_2.10.jar:na]
	at akka.actor.ActorCell.receiveMessage(ActorCell.scala:425) ~[akka-actor_2.10.jar:na]
	at akka.actor.ActorCell.invoke(ActorCell.scala:386) ~[akka-actor_2.10.jar:na]
	at akka.dispatch.Mailbox.processMailbox(Mailbox.scala:230) ~[akka-actor_2.10.jar:na]
	at akka.dispatch.Mailbox.run(Mailbox.scala:212) ~[akka-actor_2.10.jar:na]
	at akka.dispatch.ForkJoinExecutorConfigurator$MailboxExecutionTask.exec(AbstractDispatcher.scala:502) ~[akka-actor_2.10.jar:na]
	at scala.concurrent.forkjoin.ForkJoinTask.doExec(ForkJoinTask.java:262) ~[scala-library.jar:na]
	at scala.concurrent.forkjoin.ForkJoinPool$WorkQueue.runTask(ForkJoinPool.java:975) ~[scala-library.jar:na]
	at scala.concurrent.forkjoin.ForkJoinPool.runWorker(ForkJoinPool.java:1478) ~[scala-library.jar:na]
	at scala.concurrent.forkjoin.ForkJoinWorkerThread.run(ForkJoinWorkerThread.java:104) ~[scala-library.jar:na]

2014-08-12 10:23:24,214 - [INFO] - from play in play-internal-execution-context-2 
database [default] connected at jdbc:mysql://localhost:3306/travel-mgmt-2?characterEncoding=UTF-8

2014-08-12 10:23:26,696 - [INFO] - from play in play-internal-execution-context-2 
Application started (Dev)

2014-08-12 10:26:53,877 - [ERROR] - from application in play-internal-execution-context-1 


! @6j77fb7bi - Internal server error, for (GET) [/supplier-hotel-business-additional-as-json] ->

play.api.Application$$anon$1: Execution exception[[IllegalArgumentException: No origin bean specified]]
	at play.api.Application$class.handleError(Application.scala:289) ~[play_2.10.jar:2.1.3]
	at play.api.DefaultApplication.handleError(Application.scala:383) [play_2.10.jar:2.1.3]
	at play.core.server.netty.PlayDefaultUpstreamHandler$$anonfun$play$core$server$netty$PlayDefaultUpstreamHandler$$handle$1$1.apply(PlayDefaultUpstreamHandler.scala:143) [play_2.10.jar:2.1.3]
	at play.core.server.netty.PlayDefaultUpstreamHandler$$anonfun$play$core$server$netty$PlayDefaultUpstreamHandler$$handle$1$1.apply(PlayDefaultUpstreamHandler.scala:139) [play_2.10.jar:2.1.3]
	at play.api.libs.concurrent.PlayPromise$$anonfun$extend1$1.apply(Promise.scala:113) [play_2.10.jar:2.1.3]
	at play.api.libs.concurrent.PlayPromise$$anonfun$extend1$1.apply(Promise.scala:113) [play_2.10.jar:2.1.3]
	at play.api.libs.concurrent.PlayPromise$$anonfun$extend$1$$anonfun$apply$1.apply(Promise.scala:104) [play_2.10.jar:2.1.3]
	at scala.concurrent.impl.Future$PromiseCompletingRunnable.liftedTree1$1(Future.scala:24) [scala-library.jar:na]
	at scala.concurrent.impl.Future$PromiseCompletingRunnable.run(Future.scala:24) [scala-library.jar:na]
	at java.util.concurrent.ThreadPoolExecutor.runWorker(ThreadPoolExecutor.java:1145) [na:1.7.0_45]
	at java.util.concurrent.ThreadPoolExecutor$Worker.run(ThreadPoolExecutor.java:615) [na:1.7.0_45]
	at java.lang.Thread.run(Thread.java:744) [na:1.7.0_45]
java.lang.IllegalArgumentException: No origin bean specified
	at org.apache.commons.beanutils.BeanUtilsBean.copyProperties(BeanUtilsBean.java:243) ~[commons-beanutils-1.8.3.jar:1.8.3]
	at com.mnt.custom.module.supplier.controllers.Suppliers.getHotelAdditionalInfoJson(Suppliers.java:423) ~[na:na]
	at Routes$$anonfun$routes$1$$anonfun$applyOrElse$44$$anonfun$apply$44.apply(routes_routing.scala:861) ~[na:na]
	at Routes$$anonfun$routes$1$$anonfun$applyOrElse$44$$anonfun$apply$44.apply(routes_routing.scala:861) ~[na:na]
	at play.core.Router$HandlerInvoker$$anon$6$$anon$2.invocation(Router.scala:193) ~[play_2.10.jar:2.1.3]
	at play.core.Router$Routes$$anon$1.invocation(Router.scala:373) ~[play_2.10.jar:2.1.3]
	at play.core.j.JavaAction$$anon$1.call(JavaAction.scala:50) ~[play_2.10.jar:2.1.3]
	at play.GlobalSettings$1.call(GlobalSettings.java:63) ~[play_2.10.jar:2.1.3]
	at play.core.j.JavaAction$$anon$2.apply(JavaAction.scala:80) ~[play_2.10.jar:2.1.3]
	at play.core.j.JavaAction$$anon$2.apply(JavaAction.scala:79) ~[play_2.10.jar:2.1.3]
	at play.libs.F$Promise$PromiseActor.onReceive(F.java:425) ~[play_2.10.jar:2.1.3]
	at akka.actor.UntypedActor$$anonfun$receive$1.applyOrElse(UntypedActor.scala:159) ~[akka-actor_2.10.jar:na]
	at akka.actor.ActorCell.receiveMessage(ActorCell.scala:425) ~[akka-actor_2.10.jar:na]
	at akka.actor.ActorCell.invoke(ActorCell.scala:386) ~[akka-actor_2.10.jar:na]
	at akka.dispatch.Mailbox.processMailbox(Mailbox.scala:230) ~[akka-actor_2.10.jar:na]
	at akka.dispatch.Mailbox.run(Mailbox.scala:212) ~[akka-actor_2.10.jar:na]
	at akka.dispatch.ForkJoinExecutorConfigurator$MailboxExecutionTask.exec(AbstractDispatcher.scala:502) ~[akka-actor_2.10.jar:na]
	at scala.concurrent.forkjoin.ForkJoinTask.doExec(ForkJoinTask.java:262) ~[scala-library.jar:na]
	at scala.concurrent.forkjoin.ForkJoinPool$WorkQueue.runTask(ForkJoinPool.java:975) ~[scala-library.jar:na]
	at scala.concurrent.forkjoin.ForkJoinPool.runWorker(ForkJoinPool.java:1478) ~[scala-library.jar:na]
	at scala.concurrent.forkjoin.ForkJoinWorkerThread.run(ForkJoinWorkerThread.java:104) ~[scala-library.jar:na]

2014-08-12 10:26:53,918 - [ERROR] - from application in play-internal-execution-context-2 


! @6j77fb7ci - Internal server error, for (GET) [/supplier-hotel-additional-mandatory-as-json] ->

play.api.Application$$anon$1: Execution exception[[IllegalArgumentException: No origin bean specified]]
	at play.api.Application$class.handleError(Application.scala:289) ~[play_2.10.jar:2.1.3]
	at play.api.DefaultApplication.handleError(Application.scala:383) [play_2.10.jar:2.1.3]
	at play.core.server.netty.PlayDefaultUpstreamHandler$$anonfun$play$core$server$netty$PlayDefaultUpstreamHandler$$handle$1$1.apply(PlayDefaultUpstreamHandler.scala:143) [play_2.10.jar:2.1.3]
	at play.core.server.netty.PlayDefaultUpstreamHandler$$anonfun$play$core$server$netty$PlayDefaultUpstreamHandler$$handle$1$1.apply(PlayDefaultUpstreamHandler.scala:139) [play_2.10.jar:2.1.3]
	at play.api.libs.concurrent.PlayPromise$$anonfun$extend1$1.apply(Promise.scala:113) [play_2.10.jar:2.1.3]
	at play.api.libs.concurrent.PlayPromise$$anonfun$extend1$1.apply(Promise.scala:113) [play_2.10.jar:2.1.3]
	at play.api.libs.concurrent.PlayPromise$$anonfun$extend$1$$anonfun$apply$1.apply(Promise.scala:104) [play_2.10.jar:2.1.3]
	at scala.concurrent.impl.Future$PromiseCompletingRunnable.liftedTree1$1(Future.scala:24) [scala-library.jar:na]
	at scala.concurrent.impl.Future$PromiseCompletingRunnable.run(Future.scala:24) [scala-library.jar:na]
	at java.util.concurrent.ThreadPoolExecutor.runWorker(ThreadPoolExecutor.java:1145) [na:1.7.0_45]
	at java.util.concurrent.ThreadPoolExecutor$Worker.run(ThreadPoolExecutor.java:615) [na:1.7.0_45]
	at java.lang.Thread.run(Thread.java:744) [na:1.7.0_45]
java.lang.IllegalArgumentException: No origin bean specified
	at org.apache.commons.beanutils.BeanUtilsBean.copyProperties(BeanUtilsBean.java:243) ~[commons-beanutils-1.8.3.jar:1.8.3]
	at com.mnt.custom.module.supplier.controllers.Suppliers.getHotelAdditionalMandatoryInfoJson(Suppliers.java:519) ~[na:na]
	at Routes$$anonfun$routes$1$$anonfun$applyOrElse$76$$anonfun$apply$76.apply(routes_routing.scala:1117) ~[na:na]
	at Routes$$anonfun$routes$1$$anonfun$applyOrElse$76$$anonfun$apply$76.apply(routes_routing.scala:1117) ~[na:na]
	at play.core.Router$HandlerInvoker$$anon$6$$anon$2.invocation(Router.scala:193) ~[play_2.10.jar:2.1.3]
	at play.core.Router$Routes$$anon$1.invocation(Router.scala:373) ~[play_2.10.jar:2.1.3]
	at play.core.j.JavaAction$$anon$1.call(JavaAction.scala:50) ~[play_2.10.jar:2.1.3]
	at play.GlobalSettings$1.call(GlobalSettings.java:63) ~[play_2.10.jar:2.1.3]
	at play.core.j.JavaAction$$anon$2.apply(JavaAction.scala:80) ~[play_2.10.jar:2.1.3]
	at play.core.j.JavaAction$$anon$2.apply(JavaAction.scala:79) ~[play_2.10.jar:2.1.3]
	at play.libs.F$Promise$PromiseActor.onReceive(F.java:425) ~[play_2.10.jar:2.1.3]
	at akka.actor.UntypedActor$$anonfun$receive$1.applyOrElse(UntypedActor.scala:159) ~[akka-actor_2.10.jar:na]
	at akka.actor.ActorCell.receiveMessage(ActorCell.scala:425) ~[akka-actor_2.10.jar:na]
	at akka.actor.ActorCell.invoke(ActorCell.scala:386) ~[akka-actor_2.10.jar:na]
	at akka.dispatch.Mailbox.processMailbox(Mailbox.scala:230) ~[akka-actor_2.10.jar:na]
	at akka.dispatch.Mailbox.run(Mailbox.scala:212) ~[akka-actor_2.10.jar:na]
	at akka.dispatch.ForkJoinExecutorConfigurator$MailboxExecutionTask.exec(AbstractDispatcher.scala:502) ~[akka-actor_2.10.jar:na]
	at scala.concurrent.forkjoin.ForkJoinTask.doExec(ForkJoinTask.java:262) ~[scala-library.jar:na]
	at scala.concurrent.forkjoin.ForkJoinPool$WorkQueue.runTask(ForkJoinPool.java:975) ~[scala-library.jar:na]
	at scala.concurrent.forkjoin.ForkJoinPool.runWorker(ForkJoinPool.java:1478) ~[scala-library.jar:na]
	at scala.concurrent.forkjoin.ForkJoinWorkerThread.run(ForkJoinWorkerThread.java:104) ~[scala-library.jar:na]

2014-08-12 10:30:01,612 - [ERROR] - from application in play-internal-execution-context-4 


! @6j77flp47 - Internal server error, for (GET) [/supplier-hotel-additional-mandatory-as-json] ->

play.api.Application$$anon$1: Execution exception[[IllegalArgumentException: No origin bean specified]]
	at play.api.Application$class.handleError(Application.scala:289) ~[play_2.10.jar:2.1.3]
	at play.api.DefaultApplication.handleError(Application.scala:383) [play_2.10.jar:2.1.3]
	at play.core.server.netty.PlayDefaultUpstreamHandler$$anonfun$play$core$server$netty$PlayDefaultUpstreamHandler$$handle$1$1.apply(PlayDefaultUpstreamHandler.scala:143) [play_2.10.jar:2.1.3]
	at play.core.server.netty.PlayDefaultUpstreamHandler$$anonfun$play$core$server$netty$PlayDefaultUpstreamHandler$$handle$1$1.apply(PlayDefaultUpstreamHandler.scala:139) [play_2.10.jar:2.1.3]
	at play.api.libs.concurrent.PlayPromise$$anonfun$extend1$1.apply(Promise.scala:113) [play_2.10.jar:2.1.3]
	at play.api.libs.concurrent.PlayPromise$$anonfun$extend1$1.apply(Promise.scala:113) [play_2.10.jar:2.1.3]
	at play.api.libs.concurrent.PlayPromise$$anonfun$extend$1$$anonfun$apply$1.apply(Promise.scala:104) [play_2.10.jar:2.1.3]
	at scala.concurrent.impl.Future$PromiseCompletingRunnable.liftedTree1$1(Future.scala:24) [scala-library.jar:na]
	at scala.concurrent.impl.Future$PromiseCompletingRunnable.run(Future.scala:24) [scala-library.jar:na]
	at java.util.concurrent.ThreadPoolExecutor.runWorker(ThreadPoolExecutor.java:1145) [na:1.7.0_45]
	at java.util.concurrent.ThreadPoolExecutor$Worker.run(ThreadPoolExecutor.java:615) [na:1.7.0_45]
	at java.lang.Thread.run(Thread.java:744) [na:1.7.0_45]
java.lang.IllegalArgumentException: No origin bean specified
	at org.apache.commons.beanutils.BeanUtilsBean.copyProperties(BeanUtilsBean.java:243) ~[commons-beanutils-1.8.3.jar:1.8.3]
	at com.mnt.custom.module.supplier.controllers.Suppliers.getHotelAdditionalMandatoryInfoJson(Suppliers.java:519) ~[na:na]
	at Routes$$anonfun$routes$1$$anonfun$applyOrElse$76$$anonfun$apply$76.apply(routes_routing.scala:1117) ~[na:na]
	at Routes$$anonfun$routes$1$$anonfun$applyOrElse$76$$anonfun$apply$76.apply(routes_routing.scala:1117) ~[na:na]
	at play.core.Router$HandlerInvoker$$anon$6$$anon$2.invocation(Router.scala:193) ~[play_2.10.jar:2.1.3]
	at play.core.Router$Routes$$anon$1.invocation(Router.scala:373) ~[play_2.10.jar:2.1.3]
	at play.core.j.JavaAction$$anon$1.call(JavaAction.scala:50) ~[play_2.10.jar:2.1.3]
	at play.GlobalSettings$1.call(GlobalSettings.java:63) ~[play_2.10.jar:2.1.3]
	at play.core.j.JavaAction$$anon$2.apply(JavaAction.scala:80) ~[play_2.10.jar:2.1.3]
	at play.core.j.JavaAction$$anon$2.apply(JavaAction.scala:79) ~[play_2.10.jar:2.1.3]
	at play.libs.F$Promise$PromiseActor.onReceive(F.java:425) ~[play_2.10.jar:2.1.3]
	at akka.actor.UntypedActor$$anonfun$receive$1.applyOrElse(UntypedActor.scala:159) ~[akka-actor_2.10.jar:na]
	at akka.actor.ActorCell.receiveMessage(ActorCell.scala:425) ~[akka-actor_2.10.jar:na]
	at akka.actor.ActorCell.invoke(ActorCell.scala:386) ~[akka-actor_2.10.jar:na]
	at akka.dispatch.Mailbox.processMailbox(Mailbox.scala:230) ~[akka-actor_2.10.jar:na]
	at akka.dispatch.Mailbox.run(Mailbox.scala:212) ~[akka-actor_2.10.jar:na]
	at akka.dispatch.ForkJoinExecutorConfigurator$MailboxExecutionTask.exec(AbstractDispatcher.scala:502) ~[akka-actor_2.10.jar:na]
	at scala.concurrent.forkjoin.ForkJoinTask.doExec(ForkJoinTask.java:262) ~[scala-library.jar:na]
	at scala.concurrent.forkjoin.ForkJoinPool$WorkQueue.runTask(ForkJoinPool.java:975) ~[scala-library.jar:na]
	at scala.concurrent.forkjoin.ForkJoinPool.runWorker(ForkJoinPool.java:1478) ~[scala-library.jar:na]
	at scala.concurrent.forkjoin.ForkJoinWorkerThread.run(ForkJoinWorkerThread.java:104) ~[scala-library.jar:na]

2014-08-12 10:30:01,614 - [ERROR] - from application in play-internal-execution-context-1 


! @6j77flp4a - Internal server error, for (GET) [/supplier-hotel-business-additional-as-json] ->

play.api.Application$$anon$1: Execution exception[[IllegalArgumentException: No origin bean specified]]
	at play.api.Application$class.handleError(Application.scala:289) ~[play_2.10.jar:2.1.3]
	at play.api.DefaultApplication.handleError(Application.scala:383) [play_2.10.jar:2.1.3]
	at play.core.server.netty.PlayDefaultUpstreamHandler$$anonfun$play$core$server$netty$PlayDefaultUpstreamHandler$$handle$1$1.apply(PlayDefaultUpstreamHandler.scala:143) [play_2.10.jar:2.1.3]
	at play.core.server.netty.PlayDefaultUpstreamHandler$$anonfun$play$core$server$netty$PlayDefaultUpstreamHandler$$handle$1$1.apply(PlayDefaultUpstreamHandler.scala:139) [play_2.10.jar:2.1.3]
	at play.api.libs.concurrent.PlayPromise$$anonfun$extend1$1.apply(Promise.scala:113) [play_2.10.jar:2.1.3]
	at play.api.libs.concurrent.PlayPromise$$anonfun$extend1$1.apply(Promise.scala:113) [play_2.10.jar:2.1.3]
	at play.api.libs.concurrent.PlayPromise$$anonfun$extend$1$$anonfun$apply$1.apply(Promise.scala:104) [play_2.10.jar:2.1.3]
	at scala.concurrent.impl.Future$PromiseCompletingRunnable.liftedTree1$1(Future.scala:24) [scala-library.jar:na]
	at scala.concurrent.impl.Future$PromiseCompletingRunnable.run(Future.scala:24) [scala-library.jar:na]
	at java.util.concurrent.ThreadPoolExecutor.runWorker(ThreadPoolExecutor.java:1145) [na:1.7.0_45]
	at java.util.concurrent.ThreadPoolExecutor$Worker.run(ThreadPoolExecutor.java:615) [na:1.7.0_45]
	at java.lang.Thread.run(Thread.java:744) [na:1.7.0_45]
java.lang.IllegalArgumentException: No origin bean specified
	at org.apache.commons.beanutils.BeanUtilsBean.copyProperties(BeanUtilsBean.java:243) ~[commons-beanutils-1.8.3.jar:1.8.3]
	at com.mnt.custom.module.supplier.controllers.Suppliers.getHotelAdditionalInfoJson(Suppliers.java:423) ~[na:na]
	at Routes$$anonfun$routes$1$$anonfun$applyOrElse$44$$anonfun$apply$44.apply(routes_routing.scala:861) ~[na:na]
	at Routes$$anonfun$routes$1$$anonfun$applyOrElse$44$$anonfun$apply$44.apply(routes_routing.scala:861) ~[na:na]
	at play.core.Router$HandlerInvoker$$anon$6$$anon$2.invocation(Router.scala:193) ~[play_2.10.jar:2.1.3]
	at play.core.Router$Routes$$anon$1.invocation(Router.scala:373) ~[play_2.10.jar:2.1.3]
	at play.core.j.JavaAction$$anon$1.call(JavaAction.scala:50) ~[play_2.10.jar:2.1.3]
	at play.GlobalSettings$1.call(GlobalSettings.java:63) ~[play_2.10.jar:2.1.3]
	at play.core.j.JavaAction$$anon$2.apply(JavaAction.scala:80) ~[play_2.10.jar:2.1.3]
	at play.core.j.JavaAction$$anon$2.apply(JavaAction.scala:79) ~[play_2.10.jar:2.1.3]
	at play.libs.F$Promise$PromiseActor.onReceive(F.java:425) ~[play_2.10.jar:2.1.3]
	at akka.actor.UntypedActor$$anonfun$receive$1.applyOrElse(UntypedActor.scala:159) ~[akka-actor_2.10.jar:na]
	at akka.actor.ActorCell.receiveMessage(ActorCell.scala:425) ~[akka-actor_2.10.jar:na]
	at akka.actor.ActorCell.invoke(ActorCell.scala:386) ~[akka-actor_2.10.jar:na]
	at akka.dispatch.Mailbox.processMailbox(Mailbox.scala:230) ~[akka-actor_2.10.jar:na]
	at akka.dispatch.Mailbox.run(Mailbox.scala:212) ~[akka-actor_2.10.jar:na]
	at akka.dispatch.ForkJoinExecutorConfigurator$MailboxExecutionTask.exec(AbstractDispatcher.scala:502) ~[akka-actor_2.10.jar:na]
	at scala.concurrent.forkjoin.ForkJoinTask.doExec(ForkJoinTask.java:262) ~[scala-library.jar:na]
	at scala.concurrent.forkjoin.ForkJoinPool$WorkQueue.runTask(ForkJoinPool.java:975) ~[scala-library.jar:na]
	at scala.concurrent.forkjoin.ForkJoinPool.runWorker(ForkJoinPool.java:1478) ~[scala-library.jar:na]
	at scala.concurrent.forkjoin.ForkJoinWorkerThread.run(ForkJoinWorkerThread.java:104) ~[scala-library.jar:na]

2014-08-12 10:32:02,263 - [ERROR] - from application in play-internal-execution-context-4 


! @6j77g2lgj - Internal server error, for (GET) [/supplier-viewPage-as-json] ->

play.api.Application$$anon$1: Execution exception[[IndexOutOfBoundsException: Index: 0, Size: 0]]
	at play.api.Application$class.handleError(Application.scala:289) ~[play_2.10.jar:2.1.3]
	at play.api.DefaultApplication.handleError(Application.scala:383) [play_2.10.jar:2.1.3]
	at play.core.server.netty.PlayDefaultUpstreamHandler$$anonfun$play$core$server$netty$PlayDefaultUpstreamHandler$$handle$1$1.apply(PlayDefaultUpstreamHandler.scala:143) [play_2.10.jar:2.1.3]
	at play.core.server.netty.PlayDefaultUpstreamHandler$$anonfun$play$core$server$netty$PlayDefaultUpstreamHandler$$handle$1$1.apply(PlayDefaultUpstreamHandler.scala:139) [play_2.10.jar:2.1.3]
	at play.api.libs.concurrent.PlayPromise$$anonfun$extend1$1.apply(Promise.scala:113) [play_2.10.jar:2.1.3]
	at play.api.libs.concurrent.PlayPromise$$anonfun$extend1$1.apply(Promise.scala:113) [play_2.10.jar:2.1.3]
	at play.api.libs.concurrent.PlayPromise$$anonfun$extend$1$$anonfun$apply$1.apply(Promise.scala:104) [play_2.10.jar:2.1.3]
	at scala.concurrent.impl.Future$PromiseCompletingRunnable.liftedTree1$1(Future.scala:24) [scala-library.jar:na]
	at scala.concurrent.impl.Future$PromiseCompletingRunnable.run(Future.scala:24) [scala-library.jar:na]
	at java.util.concurrent.ThreadPoolExecutor.runWorker(ThreadPoolExecutor.java:1145) [na:1.7.0_45]
	at java.util.concurrent.ThreadPoolExecutor$Worker.run(ThreadPoolExecutor.java:615) [na:1.7.0_45]
	at java.lang.Thread.run(Thread.java:744) [na:1.7.0_45]
java.lang.IndexOutOfBoundsException: Index: 0, Size: 0
	at java.util.ArrayList.rangeCheck(ArrayList.java:635) ~[na:1.7.0_45]
	at java.util.ArrayList.get(ArrayList.java:411) ~[na:1.7.0_45]
	at com.avaje.ebean.common.BeanList.get(BeanList.java:259) ~[avaje-ebeanorm-api.jar:na]
	at com.mnt.custom.module.viewWebPage.controllers.ViewYourWebPage.getViewWebPageInfoJson(ViewYourWebPage.java:122) ~[na:na]
	at Routes$$anonfun$routes$1$$anonfun$applyOrElse$119$$anonfun$apply$119.apply(routes_routing.scala:1461) ~[na:na]
	at Routes$$anonfun$routes$1$$anonfun$applyOrElse$119$$anonfun$apply$119.apply(routes_routing.scala:1461) ~[na:na]
	at play.core.Router$HandlerInvoker$$anon$6$$anon$2.invocation(Router.scala:193) ~[play_2.10.jar:2.1.3]
	at play.core.Router$Routes$$anon$1.invocation(Router.scala:373) ~[play_2.10.jar:2.1.3]
	at play.core.j.JavaAction$$anon$1.call(JavaAction.scala:50) ~[play_2.10.jar:2.1.3]
	at play.GlobalSettings$1.call(GlobalSettings.java:63) ~[play_2.10.jar:2.1.3]
	at play.core.j.JavaAction$$anon$2.apply(JavaAction.scala:80) ~[play_2.10.jar:2.1.3]
	at play.core.j.JavaAction$$anon$2.apply(JavaAction.scala:79) ~[play_2.10.jar:2.1.3]
	at play.libs.F$Promise$PromiseActor.onReceive(F.java:425) ~[play_2.10.jar:2.1.3]
	at akka.actor.UntypedActor$$anonfun$receive$1.applyOrElse(UntypedActor.scala:159) ~[akka-actor_2.10.jar:na]
	at akka.actor.ActorCell.receiveMessage(ActorCell.scala:425) ~[akka-actor_2.10.jar:na]
	at akka.actor.ActorCell.invoke(ActorCell.scala:386) ~[akka-actor_2.10.jar:na]
	at akka.dispatch.Mailbox.processMailbox(Mailbox.scala:230) ~[akka-actor_2.10.jar:na]
	at akka.dispatch.Mailbox.run(Mailbox.scala:212) ~[akka-actor_2.10.jar:na]
	at akka.dispatch.ForkJoinExecutorConfigurator$MailboxExecutionTask.exec(AbstractDispatcher.scala:502) ~[akka-actor_2.10.jar:na]
	at scala.concurrent.forkjoin.ForkJoinTask.doExec(ForkJoinTask.java:262) ~[scala-library.jar:na]
	at scala.concurrent.forkjoin.ForkJoinPool$WorkQueue.runTask(ForkJoinPool.java:975) ~[scala-library.jar:na]
	at scala.concurrent.forkjoin.ForkJoinPool.runWorker(ForkJoinPool.java:1478) ~[scala-library.jar:na]
	at scala.concurrent.forkjoin.ForkJoinWorkerThread.run(ForkJoinWorkerThread.java:104) ~[scala-library.jar:na]

